#
# There is insufficient memory for the Java Runtime Environment to continue.
# Native memory allocation (malloc) failed to allocate 34656 bytes for Chunk::new
# Possible reasons:
#   The system is out of physical RAM or swap space
#   In 32 bit mode, the process size limit was hit
# Possible solutions:
#   Reduce memory load on the system
#   Increase physical memory or swap space
#   Check if swap backing store is full
#   Use 64 bit Java on a 64 bit OS
#   Decrease Java heap size (-Xmx/-Xms)
#   Decrease number of Java threads
#   Decrease Java thread stack sizes (-Xss)
#   Set larger code cache with -XX:ReservedCodeCacheSize=
# This output file may be truncated or incomplete.
#
#  Out of Memory Error (allocation.cpp:390), pid=8808, tid=7848
#
# JRE version: Java(TM) SE Runtime Environment (8.0_91-b15) (build 1.8.0_91-b15)
# Java VM: Java HotSpot(TM) 64-Bit Server VM (25.91-b15 mixed mode windows-amd64 compressed oops)
# Failed to write core dump. Minidumps are not enabled by default on client versions of Windows
#

---------------  T H R E A D  ---------------

Current thread (0x0000000015e79800):  JavaThread "C2 CompilerThread0" daemon [_thread_in_native, id=7848, stack(0x00000000174b0000,0x00000000175b0000)]

Stack: [0x00000000174b0000,0x00000000175b0000]
[error occurred during error reporting (printing stack bounds), id 0xc0000005]

Native frames: (J=compiled Java code, j=interpreted, Vv=VM code, C=native code)


Current CompileTask:
C2:    313  149       4       sun.nio.cs.UTF_8$Encoder::encode (359 bytes)


---------------  P R O C E S S  ---------------

Java Threads: ( => current thread )
  0x0000000017a0f000 JavaThread "Monitor Ctrl-Break" daemon [_thread_in_native, id=5284, stack(0x0000000017db0000,0x0000000017eb0000)]
  0x00000000177e6000 JavaThread "Service Thread" daemon [_thread_blocked, id=5308, stack(0x0000000017bb0000,0x0000000017cb0000)]
  0x0000000015e8c800 JavaThread "C1 CompilerThread2" daemon [_thread_blocked, id=8656, stack(0x00000000176b0000,0x00000000177b0000)]
  0x0000000015e7d800 JavaThread "C2 CompilerThread1" daemon [_thread_blocked, id=5556, stack(0x00000000175b0000,0x00000000176b0000)]
=>0x0000000015e79800 JavaThread "C2 CompilerThread0" daemon [_thread_in_native, id=7848, stack(0x00000000174b0000,0x00000000175b0000)]
  0x0000000015e77800 JavaThread "Attach Listener" daemon [_thread_blocked, id=8932, stack(0x00000000173b0000,0x00000000174b0000)]
  0x0000000015e76000 JavaThread "Signal Dispatcher" daemon [_thread_blocked, id=6736, stack(0x00000000172b0000,0x00000000173b0000)]
  0x0000000015e5a000 JavaThread "Finalizer" daemon [_thread_blocked, id=8752, stack(0x00000000170d0000,0x00000000171d0000)]
  0x0000000002611000 JavaThread "Reference Handler" daemon [_thread_blocked, id=7532, stack(0x0000000016fd0000,0x00000000170d0000)]
  0x0000000002522800 JavaThread "main" [_thread_in_vm, id=7124, stack(0x0000000002400000,0x0000000002500000)]

Other Threads:
  0x0000000015e37000 VMThread [stack: 0x0000000016ed0000,0x0000000016fd0000] [id=7576]
  0x0000000017802000 WatcherThread [stack: 0x0000000017cb0000,0x0000000017db0000] [id=332]

VM state:not at safepoint (normal execution)

VM Mutex/Monitor currently owned by a thread: None

Heap:
 PSYoungGen      total 28160K, used 3942K [0x00000000e0b00000, 0x00000000e2a00000, 0x0000000100000000)
  eden space 24576K, 16% used [0x00000000e0b00000,0x00000000e0ed9a10,0x00000000e2300000)
  from space 3584K, 0% used [0x00000000e2680000,0x00000000e2680000,0x00000000e2a00000)
  to   space 3584K, 0% used [0x00000000e2300000,0x00000000e2300000,0x00000000e2680000)
 ParOldGen       total 64512K, used 0K [0x00000000a2000000, 0x00000000a5f00000, 0x00000000e0b00000)
  object space 64512K, 0% used [0x00000000a2000000,0x00000000a2000000,0x00000000a5f00000)
 Metaspace       used 3831K, capacity 4768K, committed 4864K, reserved 1056768K
  class space    used 422K, capacity 464K, committed 512K, reserved 1048576K

Card table byte_map: [0x00000000119e0000,0x0000000011ce0000] byte_map_base: 0x00000000114d0000

Marking Bits: (ParMarkBitMap*) 0x0000000062562f70
 Begin Bits: [0x00000000122e0000, 0x0000000013a60000)
 End Bits:   [0x0000000013a60000, 0x00000000151e0000)

Polling page: 0x0000000000af0000

CodeCache: size=245760Kb used=1402Kb max_used=1402Kb free=244357Kb
 bounds [0x0000000002620000, 0x0000000002890000, 0x0000000011620000]
 total_blobs=403 nmethods=149 adapters=167
 compilation: enabled

Compilation events (10 events):
Event: 0.303 Thread 0x0000000015e8c800 nmethod 144 0x000000000277d650 code [0x000000000277d7a0, 0x000000000277d990]
Event: 0.303 Thread 0x0000000015e8c800  145       3       java.util.concurrent.ConcurrentHashMap::spread (10 bytes)
Event: 0.303 Thread 0x0000000015e8c800 nmethod 145 0x000000000277da50 code [0x000000000277dba0, 0x000000000277dcf0]
Event: 0.306 Thread 0x0000000015e8c800  146       1       java.net.URL::getUserInfo (5 bytes)
Event: 0.306 Thread 0x0000000015e8c800 nmethod 146 0x000000000277dd50 code [0x000000000277dea0, 0x000000000277dfb0]
Event: 0.309 Thread 0x0000000015e8c800  148       3       java.lang.String::indexOf (7 bytes)
Event: 0.310 Thread 0x0000000015e8c800 nmethod 148 0x000000000277e390 code [0x000000000277e500, 0x000000000277e788]
Event: 0.311 Thread 0x0000000015e79800  149       4       sun.nio.cs.UTF_8$Encoder::encode (359 bytes)
Event: 0.312 Thread 0x0000000015e8c800  150  s    3       java.lang.StringBuffer::append (13 bytes)
Event: 0.312 Thread 0x0000000015e8c800 nmethod 150 0x000000000277e910 code [0x000000000277ea80, 0x000000000277eda8]

GC Heap History (0 events):
No events

Deoptimization events (1 events):
Event: 0.188 Thread 0x0000000002522800 Uncommon trap: reason=unstable_if action=reinterpret pc=0x0000000002743c38 method=java.lang.String.hashCode()I @ 14

Internal exceptions (6 events):
Event: 0.043 Thread 0x0000000002522800 Exception <a 'java/lang/NoSuchMethodError': Method sun.misc.Unsafe.defineClass(Ljava/lang/String;[BII)Ljava/lang/Class; name or signature does not match> (0x00000000e0b07cc0) thrown at [C:\re\workspace\8-2-build-windows-amd64-cygwin\jdk8u91\7017\hotspot\sr½_-4.<¦?
Event: 0.043 Thread 0x0000000002522800 Exception <a 'java/lang/NoSuchMethodError': Method sun.misc.Unsafe.prefetchRead(Ljava/lang/Object;J)V name or signature does not match> (0x00000000e0b07fa8) thrown at [C:\re\workspace\8-2-build-windows-amd64-cygwin\jdk8u91\7017\hotspot\src\share\vm\prims\j©ôËôôÎ?
Event: 0.242 Thread 0x0000000002522800 Exception <a 'java/security/PrivilegedActionException'> (0x00000000e0d81c70) thrown at [C:\re\workspace\8-2-build-windows-amd64-cygwin\jdk8u91\7017\hotspot\src\share\vm\prims\jvm.cpp, line 1386]
Event: 0.242 Thread 0x0000000002522800 Exception <a 'java/security/PrivilegedActionException'> (0x00000000e0d81e80) thrown at [C:\re\workspace\8-2-build-windows-amd64-cygwin\jdk8u91\7017\hotspot\src\share\vm\prims\jvm.cpp, line 1386]
Event: 0.243 Thread 0x0000000002522800 Exception <a 'java/security/PrivilegedActionException'> (0x00000000e0d85eb0) thrown at [C:\re\workspace\8-2-build-windows-amd64-cygwin\jdk8u91\7017\hotspot\src\share\vm\prims\jvm.cpp, line 1386]
Event: 0.243 Thread 0x0000000002522800 Exception <a 'java/security/PrivilegedActionException'> (0x00000000e0d860c0) thrown at [C:\re\workspace\8-2-build-windows-amd64-cygwin\jdk8u91\7017\hotspot\src\share\vm\prims\jvm.cpp, line 1386]

Events (10 events):
Event: 0.304 loading class org/apache/log4j/spi/AppenderAttachable
Event: 0.304 loading class org/apache/log4j/spi/AppenderAttachable done
Event: 0.306 loading class org/apache/log4j/spi/RootLogger
Event: 0.306 loading class org/apache/log4j/spi/RootLogger done
Event: 0.309 loading class org/apache/log4j/Hierarchy
Event: 0.309 loading class org/apache/log4j/Hierarchy done
Event: 0.310 loading class org/apache/log4j/spi/RendererSupport
Event: 0.310 loading class org/apache/log4j/spi/RendererSupport done
Event: 0.311 loading class org/apache/log4j/spi/ThrowableRendererSupport
Event: 0.311 loading class org/apache/log4j/spi/ThrowableRendererSupport done


Dynamic libraries:
0x00007ff68e770000 - 0x00007ff68e7a7000 	C:\Program Files\Java\jdk1.8.0_91\bin\java.exe
0x00007ffae98e0000 - 0x00007ffae9a8c000 	C:\Windows\SYSTEM32\ntdll.dll
0x00007ffae7de0000 - 0x00007ffae7f1e000 	C:\Windows\system32\KERNEL32.DLL
0x00007ffae6d90000 - 0x00007ffae6ea5000 	C:\Windows\system32\KERNELBASE.dll
0x00007ffae5400000 - 0x00007ffae548e000 	C:\Windows\system32\apphelp.dll
0x00007ffadb0d0000 - 0x00007ffadb123000 	C:\Windows\AppPatch\AppPatch64\AcGenral.DLL
0x00007ffae7750000 - 0x00007ffae77fa000 	C:\Windows\system32\msvcrt.dll
0x00007ffae68d0000 - 0x00007ffae68fe000 	C:\Windows\SYSTEM32\SspiCli.dll
0x00007ffae6f60000 - 0x00007ffae6fb4000 	C:\Windows\system32\SHLWAPI.dll
0x00007ffae72c0000 - 0x00007ffae7437000 	C:\Windows\system32\USER32.dll
0x00007ffae7440000 - 0x00007ffae75d4000 	C:\Windows\system32\ole32.dll
0x00007ffae8260000 - 0x00007ffae9778000 	C:\Windows\system32\SHELL32.dll
0x00007ffae6010000 - 0x00007ffae6031000 	C:\Windows\SYSTEM32\USERENV.dll
0x00007ffae8080000 - 0x00007ffae812a000 	C:\Windows\system32\ADVAPI32.dll
0x00007ffade450000 - 0x00007ffade46e000 	C:\Windows\SYSTEM32\MPR.dll
0x00007ffae7a60000 - 0x00007ffae7ba1000 	C:\Windows\system32\RPCRT4.dll
0x00007ffae7bd0000 - 0x00007ffae7c29000 	C:\Windows\SYSTEM32\sechost.dll
0x00007ffae6fd0000 - 0x00007ffae71e1000 	C:\Windows\SYSTEM32\combase.dll
0x00007ffae9780000 - 0x00007ffae98d1000 	C:\Windows\system32\GDI32.dll
0x00007ffae6a30000 - 0x00007ffae6a45000 	C:\Windows\SYSTEM32\profapi.dll
0x00007ffae5090000 - 0x00007ffae5142000 	C:\Windows\SYSTEM32\SHCORE.dll
0x00007ffae7710000 - 0x00007ffae7746000 	C:\Windows\system32\IMM32.DLL
0x00007ffae7f20000 - 0x00007ffae8073000 	C:\Windows\system32\MSCTF.dll
0x00007ffae34b0000 - 0x00007ffae372b000 	C:\Windows\WinSxS\amd64_microsoft.windows.common-controls_6595b64144ccf1df_6.0.9600.17415_none_6240486fecbd8abb\COMCTL32.dll
0x00000000618a0000 - 0x0000000061972000 	C:\Program Files\Java\jdk1.8.0_91\jre\bin\msvcr100.dll
0x0000000061d50000 - 0x00000000625e3000 	C:\Program Files\Java\jdk1.8.0_91\jre\bin\server\jvm.dll
0x00007ffad3820000 - 0x00007ffad3829000 	C:\Windows\SYSTEM32\WSOCK32.dll
0x00007ffae4470000 - 0x00007ffae4492000 	C:\Windows\SYSTEM32\WINMM.dll
0x00007ffae37f0000 - 0x00007ffae37fa000 	C:\Windows\SYSTEM32\VERSION.dll
0x00007ffae6fc0000 - 0x00007ffae6fc7000 	C:\Windows\system32\PSAPI.DLL
0x00007ffae76b0000 - 0x00007ffae770a000 	C:\Windows\system32\WS2_32.dll
0x00007ffae2fb0000 - 0x00007ffae2fda000 	C:\Windows\SYSTEM32\WINMMBASE.dll
0x00007ffae76a0000 - 0x00007ffae76a9000 	C:\Windows\system32\NSI.dll
0x00007ffae6b00000 - 0x00007ffae6b4f000 	C:\Windows\SYSTEM32\cfgmgr32.dll
0x00007ffae5850000 - 0x00007ffae5878000 	C:\Windows\SYSTEM32\DEVOBJ.dll
0x0000000061d40000 - 0x0000000061d4f000 	C:\Program Files\Java\jdk1.8.0_91\jre\bin\verify.dll
0x0000000061d10000 - 0x0000000061d39000 	C:\Program Files\Java\jdk1.8.0_91\jre\bin\java.dll
0x0000000061cc0000 - 0x0000000061cd6000 	C:\Program Files\Java\jdk1.8.0_91\jre\bin\zip.dll
0x00007ffadf0d0000 - 0x00007ffadf0e0000 	C:\Program Files (x86)\JetBrains\IntelliJ IDEA 2016.2.5\bin\breakgen64.dll
0x0000000061ca0000 - 0x0000000061cba000 	C:\Program Files\Java\jdk1.8.0_91\jre\bin\net.dll
0x00007ffae6280000 - 0x00007ffae62d9000 	C:\Windows\system32\mswsock.dll

VM Arguments:
jvm_args: -Didea.launcher.port=7533 -Didea.launcher.bin.path=C:\Program Files (x86)\JetBrains\IntelliJ IDEA 2016.2.5\bin -Dfile.encoding=UTF-8 
java_command: com.intellij.rt.execution.application.AppMain jpa.TestDao
java_class_path (initial): C:\Program Files\Java\jdk1.8.0_91\jre\lib\charsets.jar;C:\Program Files\Java\jdk1.8.0_91\jre\lib\deploy.jar;C:\Program Files\Java\jdk1.8.0_91\jre\lib\ext\access-bridge-64.jar;C:\Program Files\Java\jdk1.8.0_91\jre\lib\ext\cldrdata.jar;C:\Program Files\Java\jdk1.8.0_91\jre\lib\ext\dnsns.jar;C:\Program Files\Java\jdk1.8.0_91\jre\lib\ext\jaccess.jar;C:\Program Files\Java\jdk1.8.0_91\jre\lib\ext\jfxrt.jar;C:\Program Files\Java\jdk1.8.0_91\jre\lib\ext\localedata.jar;C:\Program Files\Java\jdk1.8.0_91\jre\lib\ext\nashorn.jar;C:\Program Files\Java\jdk1.8.0_91\jre\lib\ext\sunec.jar;C:\Program Files\Java\jdk1.8.0_91\jre\lib\ext\sunjce_provider.jar;C:\Program Files\Java\jdk1.8.0_91\jre\lib\ext\sunmscapi.jar;C:\Program Files\Java\jdk1.8.0_91\jre\lib\ext\sunpkcs11.jar;C:\Program Files\Java\jdk1.8.0_91\jre\lib\ext\zipfs.jar;C:\Program Files\Java\jdk1.8.0_91\jre\lib\javaws.jar;C:\Program Files\Java\jdk1.8.0_91\jre\lib\jce.jar;C:\Program Files\Java\jdk1.8.0_91\jre\lib\jfr.jar;C:\Program Files\Java\jdk1.8.0_91\jre\lib\jfxswt.jar;C:\Program Files\Java\jdk1.8.0_91\jre\lib\jsse.jar;C:\Program Files\Java\jdk1.8.0_91\jre\lib\management-agent.jar;C:\Program Files\Java\jdk1.8.0_91\jre\lib\plugin.jar;C:\Program Files\Java\jdk1.8.0_91\jre\lib\resources.jar;C:\Program Files\Java\jdk1.8.0_91\jre\lib\rt.jar;D:\artcode\module\ACP15\SashaSales\target\test-classes;D:\artcode\module\ACP15\SashaSales\target\classes;C:\Users\work\.m2\repository\org\hibernate\hibernate-core\5.0.3.Final\hibernate-core-5.0.3.Final.jar;C:\Users\work\.m2\repository\org\jboss\logging\jboss-logging\3.3.0.Final\jboss-logging-3.3.0.Final.jar;C:\Users\work\.m2\repository\org\hibernate\javax\persistence\hibernate-jpa-2.1-api\1.0.0.Final\hibernate-jpa-2.1-api-1.0.0.Final.jar;C:\Users\work\.m2\repository\org\javassist\javassist\3.18.1-GA\javassist-3.18.1-GA.jar;C:\Users\work\.m2\repository\antlr\antlr\2.7.7\antlr-2.7.7.jar;C:\Users\work\.m2\repository\org\jboss\jandex\2.0.0.CR1\jandex-2.0.0.CR1.jar;C:\
Launcher Type: SUN_STANDARD

Environment Variables:
JAVA_HOME=C:\Program Files\Java\jdk1.8.0_91
PATH=C:\ProgramData\Oracle\Java\javapath;C:\Windows\system32;C:\Windows;C:\Windows\System32\Wbem;C:\Windows\System32\WindowsPowerShell\v1.0\;C:\Program Files (x86)\Common Files\Acronis\SnapAPI\;C:\Program Files (x86)\AMD\ATI.ACE\Core-Static;C:\Program Files (x86)\Skype\Phone\;C:\Program Files\Git\cmd;C:\Program Files\apache-maven-3.0.4\bin;C:\Program Files\Java\jdk1.8.0_91\bin;C:\Program Files (x86)\maven\bin;C:\Program Files\MySQL\MySQL Utilities 1.6\;C:\Program Files\MySQL\MySQL Server 5.7\bin;C:\Program Files (x86)\Common Files\Acronis\TibMounter64
USERNAME=work
OS=Windows_NT
PROCESSOR_IDENTIFIER=Intel64 Family 6 Model 58 Stepping 9, GenuineIntel



---------------  S Y S T E M  ---------------

OS:Failed to allocate version_info

CPU:total 4 (2 cores per cpu, 2 threads per core) family 6 model 58 stepping 9, cmov, cx8, fxsr, mmx, sse, sse2, sse3, ssse3, sse4.1, sse4.2, popcnt, avx, aes, clmul, erms, ht, tsc, tscinvbit, tscinv

Memory: 4k page, physical 6157592k(1396636k free), swap 6157592k(4076k free)

vm_info: Java HotSpot(TM) 64-Bit Server VM (25.91-b15) for windows-amd64 JRE (1.8.0_91-b15), built on May 20 2016 17:43:15 by "java_re" with MS VC++ 10.0 (VS2010)

time: Sun Nov 27 20:51:48 2016
elapsed time: 0 seconds (0d 0h 0m 0s)

