2016-11-20 10:10:56 INFO  InsertCommands:48 - adding Group RR12 to DB SQL
2016-11-20 10:10:56 INFO  InsertCommands:53 - Group RR12was add to DB SQL
2016-11-20 10:12:56 INFO  CreateCommands:57 - creating Table Groups in DB SQL
2016-11-20 10:12:57 ERROR CreateCommands:65 - creating Table Groups in DB SQL was itterupt
com.mysql.jdbc.exceptions.jdbc4.MySQLSyntaxErrorException: Table 'groups' already exists
	at sun.reflect.NativeConstructorAccessorImpl.newInstance0(Native Method)
	at sun.reflect.NativeConstructorAccessorImpl.newInstance(NativeConstructorAccessorImpl.java:62)
	at sun.reflect.DelegatingConstructorAccessorImpl.newInstance(DelegatingConstructorAccessorImpl.java:45)
	at java.lang.reflect.Constructor.newInstance(Constructor.java:423)
	at com.mysql.jdbc.Util.handleNewInstance(Util.java:389)
	at com.mysql.jdbc.Util.getInstance(Util.java:372)
	at com.mysql.jdbc.SQLError.createSQLException(SQLError.java:980)
	at com.mysql.jdbc.MysqlIO.checkErrorPacket(MysqlIO.java:3835)
	at com.mysql.jdbc.MysqlIO.checkErrorPacket(MysqlIO.java:3771)
	at com.mysql.jdbc.MysqlIO.sendCommand(MysqlIO.java:2435)
	at com.mysql.jdbc.MysqlIO.sqlQueryDirect(MysqlIO.java:2582)
	at com.mysql.jdbc.ConnectionImpl.execSQL(ConnectionImpl.java:2531)
	at com.mysql.jdbc.StatementImpl.executeUpdate(StatementImpl.java:1618)
	at com.mysql.jdbc.StatementImpl.executeUpdate(StatementImpl.java:1549)
	at ua.artcode.daoSQL.implementations.CreateCommands.createTableGroups(CreateCommands.java:61)
	at init.TestLogger.main(TestLogger.java:36)
	at sun.reflect.NativeMethodAccessorImpl.invoke0(Native Method)
	at sun.reflect.NativeMethodAccessorImpl.invoke(NativeMethodAccessorImpl.java:62)
	at sun.reflect.DelegatingMethodAccessorImpl.invoke(DelegatingMethodAccessorImpl.java:43)
	at java.lang.reflect.Method.invoke(Method.java:498)
	at com.intellij.rt.execution.application.AppMain.main(AppMain.java:147)
2016-11-20 10:12:57 INFO  InsertCommands:48 - adding Group RR14 to DB SQL
2016-11-20 10:12:57 INFO  InsertCommands:53 - Group RR14was add to DB SQL
2016-11-20 10:14:34 INFO  DeleteCommands:50 - deleting Group RR12 to DB SQL
2016-11-20 10:14:34 INFO  DeleteCommands:57 - Group RR12was delete to DB SQL
2016-11-20 10:14:44 INFO  DeleteCommands:50 - deleting Group RR14 to DB SQL
2016-11-20 10:14:45 INFO  DeleteCommands:57 - Group RR14was delete to DB SQL
2016-11-20 10:15:36 INFO  DropCommands:51 - droping Table Groups from DB SQL
2016-11-20 10:15:37 INFO  DropCommands:56 - Table Groups was droped from DB SQL
2016-11-20 10:16:03 INFO  CreateCommands:57 - creating Table Groups in DB SQL
2016-11-20 10:16:04 INFO  CreateCommands:62 - Table Groups was create in DB SQL
2016-11-20 10:22:11 INFO  DropCommands:51 - droping Table Groups from DB SQL
2016-11-20 10:22:12 INFO  DropCommands:56 - Table Groups was droped from DB SQL
2016-11-20 10:23:32 INFO  DropCommands:51 - droping Table Groups from DB SQL
2016-11-20 10:23:33 ERROR DropCommands:60 - droping Table Groups from DB SQL was itterupt
com.mysql.jdbc.exceptions.jdbc4.MySQLSyntaxErrorException: Unknown table 'testdbforuniversity.groups'
	at sun.reflect.NativeConstructorAccessorImpl.newInstance0(Native Method)
	at sun.reflect.NativeConstructorAccessorImpl.newInstance(NativeConstructorAccessorImpl.java:62)
	at sun.reflect.DelegatingConstructorAccessorImpl.newInstance(DelegatingConstructorAccessorImpl.java:45)
	at java.lang.reflect.Constructor.newInstance(Constructor.java:423)
	at com.mysql.jdbc.Util.handleNewInstance(Util.java:389)
	at com.mysql.jdbc.Util.getInstance(Util.java:372)
	at com.mysql.jdbc.SQLError.createSQLException(SQLError.java:980)
	at com.mysql.jdbc.MysqlIO.checkErrorPacket(MysqlIO.java:3835)
	at com.mysql.jdbc.MysqlIO.checkErrorPacket(MysqlIO.java:3771)
	at com.mysql.jdbc.MysqlIO.sendCommand(MysqlIO.java:2435)
	at com.mysql.jdbc.MysqlIO.sqlQueryDirect(MysqlIO.java:2582)
	at com.mysql.jdbc.ConnectionImpl.execSQL(ConnectionImpl.java:2531)
	at com.mysql.jdbc.StatementImpl.executeUpdate(StatementImpl.java:1618)
	at com.mysql.jdbc.StatementImpl.executeUpdate(StatementImpl.java:1549)
	at ua.artcode.daoSQL.implementations.DropCommands.dropTableGroups(DropCommands.java:55)
	at init.TestLogger.main(TestLogger.java:48)
	at sun.reflect.NativeMethodAccessorImpl.invoke0(Native Method)
	at sun.reflect.NativeMethodAccessorImpl.invoke(NativeMethodAccessorImpl.java:62)
	at sun.reflect.DelegatingMethodAccessorImpl.invoke(DelegatingMethodAccessorImpl.java:43)
	at java.lang.reflect.Method.invoke(Method.java:498)
	at com.intellij.rt.execution.application.AppMain.main(AppMain.java:147)
2016-11-20 13:39:04 INFO  CreateCommands:55 - creating Table Groups in DB SQL
2016-11-20 13:39:04 INFO  ConnectionFactory:36 - getting Connection To DB SQL named testDBForUniversity on SQL server
2016-11-20 13:41:57 INFO  CreateCommands:55 - creating Table Groups in DB SQL
2016-11-20 13:41:57 INFO  ConnectionFactory:36 - getting Connection To DB SQL named testDBForUniversity on SQL server
2016-11-20 13:41:57 INFO  ConnectionFactory:39 - getting driver to Connection To DB SQL named testDBForUniversity on SQL server
2016-11-20 13:41:58 INFO  CreateCommands:60 - Table Groups was create in DB SQL
2016-11-20 13:41:58 INFO  CreateCommands:71 - creating Table Subjects in DB SQL
2016-11-20 13:41:58 INFO  ConnectionFactory:36 - getting Connection To DB SQL named testDBForUniversity on SQL server
2016-11-20 13:41:58 INFO  ConnectionFactory:39 - getting driver to Connection To DB SQL named testDBForUniversity on SQL server
2016-11-20 13:41:58 INFO  CreateCommands:76 - Table Subjects was create in DB SQL
2016-11-20 13:41:58 INFO  CreateCommands:87 - creating Table Teachers in DB SQL
2016-11-20 13:41:58 INFO  ConnectionFactory:36 - getting Connection To DB SQL named testDBForUniversity on SQL server
2016-11-20 13:41:58 INFO  ConnectionFactory:39 - getting driver to Connection To DB SQL named testDBForUniversity on SQL server
2016-11-20 13:41:58 INFO  CreateCommands:92 - Table Teachers was create in DB SQL
2016-11-20 13:41:58 INFO  CreateCommands:103 - creating Table Students in DB SQL
2016-11-20 13:41:58 INFO  ConnectionFactory:36 - getting Connection To DB SQL named testDBForUniversity on SQL server
2016-11-20 13:41:58 INFO  ConnectionFactory:39 - getting driver to Connection To DB SQL named testDBForUniversity on SQL server
2016-11-20 13:41:59 INFO  CreateCommands:108 - Table Students was create in DB SQL
2016-11-20 13:41:59 INFO  CreateCommands:119 - creating Table Study in DB SQL
2016-11-20 13:41:59 INFO  ConnectionFactory:36 - getting Connection To DB SQL named testDBForUniversity on SQL server
2016-11-20 13:41:59 INFO  ConnectionFactory:39 - getting driver to Connection To DB SQL named testDBForUniversity on SQL server
2016-11-20 13:41:59 INFO  CreateCommands:124 - Table Study was create in DB SQL
2016-11-20 13:41:59 INFO  InsertCommands:46 - adding Group Velikie-1 to DB SQL
2016-11-20 13:41:59 INFO  ConnectionFactory:36 - getting Connection To DB SQL named testDBForUniversity on SQL server
2016-11-20 13:41:59 INFO  ConnectionFactory:39 - getting driver to Connection To DB SQL named testDBForUniversity on SQL server
2016-11-20 13:41:59 INFO  InsertCommands:51 - Group Velikie-1was add to DB SQL
2016-11-20 13:41:59 INFO  InsertCommands:46 - adding Group Politichesskaya-11 to DB SQL
2016-11-20 13:41:59 INFO  ConnectionFactory:36 - getting Connection To DB SQL named testDBForUniversity on SQL server
2016-11-20 13:41:59 INFO  ConnectionFactory:39 - getting driver to Connection To DB SQL named testDBForUniversity on SQL server
2016-11-20 13:41:59 INFO  InsertCommands:51 - Group Politichesskaya-11was add to DB SQL
2016-11-20 13:41:59 INFO  InsertCommands:46 - adding Group Izvestnie-8 to DB SQL
2016-11-20 13:41:59 INFO  ConnectionFactory:36 - getting Connection To DB SQL named testDBForUniversity on SQL server
2016-11-20 13:41:59 INFO  ConnectionFactory:39 - getting driver to Connection To DB SQL named testDBForUniversity on SQL server
2016-11-20 13:41:59 INFO  InsertCommands:51 - Group Izvestnie-8was add to DB SQL
2016-11-20 13:41:59 INFO  InsertCommands:46 - adding Group Uvazhaemie-1 to DB SQL
2016-11-20 13:41:59 INFO  ConnectionFactory:36 - getting Connection To DB SQL named testDBForUniversity on SQL server
2016-11-20 13:41:59 INFO  ConnectionFactory:39 - getting driver to Connection To DB SQL named testDBForUniversity on SQL server
2016-11-20 13:41:59 INFO  InsertCommands:51 - Group Uvazhaemie-1was add to DB SQL
2016-11-20 13:41:59 INFO  InsertCommands:46 - adding Group Politichesskaya-3 to DB SQL
2016-11-20 13:41:59 INFO  ConnectionFactory:36 - getting Connection To DB SQL named testDBForUniversity on SQL server
2016-11-20 13:41:59 INFO  ConnectionFactory:39 - getting driver to Connection To DB SQL named testDBForUniversity on SQL server
2016-11-20 13:41:59 INFO  InsertCommands:51 - Group Politichesskaya-3was add to DB SQL
2016-11-20 13:41:59 INFO  InsertCommands:27 - adding Subject Mathematics to DB SQL
2016-11-20 13:41:59 INFO  ConnectionFactory:36 - getting Connection To DB SQL named testDBForUniversity on SQL server
2016-11-20 13:41:59 INFO  ConnectionFactory:39 - getting driver to Connection To DB SQL named testDBForUniversity on SQL server
2016-11-20 13:41:59 INFO  InsertCommands:34 - Subject Mathematicswas add to DB SQL
2016-11-20 13:41:59 INFO  InsertCommands:27 - adding Subject English to DB SQL
2016-11-20 13:41:59 INFO  ConnectionFactory:36 - getting Connection To DB SQL named testDBForUniversity on SQL server
2016-11-20 13:41:59 INFO  ConnectionFactory:39 - getting driver to Connection To DB SQL named testDBForUniversity on SQL server
2016-11-20 13:41:59 INFO  InsertCommands:34 - Subject Englishwas add to DB SQL
2016-11-20 13:41:59 INFO  InsertCommands:27 - adding Subject Ukrainian to DB SQL
2016-11-20 13:41:59 INFO  ConnectionFactory:36 - getting Connection To DB SQL named testDBForUniversity on SQL server
2016-11-20 13:41:59 INFO  ConnectionFactory:39 - getting driver to Connection To DB SQL named testDBForUniversity on SQL server
2016-11-20 13:41:59 INFO  InsertCommands:34 - Subject Ukrainianwas add to DB SQL
2016-11-20 13:41:59 INFO  InsertCommands:27 - adding Subject Java programming to DB SQL
2016-11-20 13:41:59 INFO  ConnectionFactory:36 - getting Connection To DB SQL named testDBForUniversity on SQL server
2016-11-20 13:41:59 INFO  ConnectionFactory:39 - getting driver to Connection To DB SQL named testDBForUniversity on SQL server
2016-11-20 13:42:00 INFO  InsertCommands:34 - Subject Java programmingwas add to DB SQL
2016-11-20 13:42:00 INFO  InsertCommands:27 - adding Subject Phisics to DB SQL
2016-11-20 13:42:00 INFO  ConnectionFactory:36 - getting Connection To DB SQL named testDBForUniversity on SQL server
2016-11-20 13:42:00 INFO  ConnectionFactory:39 - getting driver to Connection To DB SQL named testDBForUniversity on SQL server
2016-11-20 13:42:00 INFO  InsertCommands:34 - Subject Phisicswas add to DB SQL
2016-11-20 13:42:00 INFO  InsertCommands:27 - adding Subject Philologia to DB SQL
2016-11-20 13:42:00 INFO  ConnectionFactory:36 - getting Connection To DB SQL named testDBForUniversity on SQL server
2016-11-20 13:42:00 INFO  ConnectionFactory:39 - getting driver to Connection To DB SQL named testDBForUniversity on SQL server
2016-11-20 13:42:00 INFO  InsertCommands:34 - Subject Philologiawas add to DB SQL
2016-11-20 13:42:00 INFO  InsertCommands:27 - adding Subject Economics to DB SQL
2016-11-20 13:42:00 INFO  ConnectionFactory:36 - getting Connection To DB SQL named testDBForUniversity on SQL server
2016-11-20 13:42:00 INFO  ConnectionFactory:39 - getting driver to Connection To DB SQL named testDBForUniversity on SQL server
2016-11-20 13:42:00 INFO  InsertCommands:34 - Subject Economicswas add to DB SQL
2016-11-20 13:42:00 INFO  InsertCommands:27 - adding Subject Philosophy to DB SQL
2016-11-20 13:42:00 INFO  ConnectionFactory:36 - getting Connection To DB SQL named testDBForUniversity on SQL server
2016-11-20 13:42:00 INFO  ConnectionFactory:39 - getting driver to Connection To DB SQL named testDBForUniversity on SQL server
2016-11-20 13:42:00 INFO  InsertCommands:34 - Subject Philosophywas add to DB SQL
2016-11-20 13:42:00 INFO  InsertCommands:27 - adding Subject Music to DB SQL
2016-11-20 13:42:00 INFO  ConnectionFactory:36 - getting Connection To DB SQL named testDBForUniversity on SQL server
2016-11-20 13:42:00 INFO  ConnectionFactory:39 - getting driver to Connection To DB SQL named testDBForUniversity on SQL server
2016-11-20 13:42:00 INFO  InsertCommands:34 - Subject Musicwas add to DB SQL
2016-11-20 13:42:00 INFO  InsertCommands:27 - adding Subject Statistics to DB SQL
2016-11-20 13:42:00 INFO  ConnectionFactory:36 - getting Connection To DB SQL named testDBForUniversity on SQL server
2016-11-20 13:42:00 INFO  ConnectionFactory:39 - getting driver to Connection To DB SQL named testDBForUniversity on SQL server
2016-11-20 13:42:00 INFO  InsertCommands:34 - Subject Statisticswas add to DB SQL
2016-11-20 13:42:00 INFO  InsertCommands:65 - adding Teacher Stepan Klichko to DB SQL
2016-11-20 13:42:00 INFO  ConnectionFactory:36 - getting Connection To DB SQL named testDBForUniversity on SQL server
2016-11-20 13:42:00 INFO  ConnectionFactory:39 - getting driver to Connection To DB SQL named testDBForUniversity on SQL server
2016-11-20 13:42:00 INFO  InsertCommands:73 - Teacher Stepan Klichkowas add to DB SQL
2016-11-20 13:42:00 INFO  InsertCommands:65 - adding Teacher Yuliya Yanukovich to DB SQL
2016-11-20 13:42:00 INFO  ConnectionFactory:36 - getting Connection To DB SQL named testDBForUniversity on SQL server
2016-11-20 13:42:00 INFO  ConnectionFactory:39 - getting driver to Connection To DB SQL named testDBForUniversity on SQL server
2016-11-20 13:42:00 INFO  InsertCommands:73 - Teacher Yuliya Yanukovichwas add to DB SQL
2016-11-20 13:42:00 INFO  InsertCommands:65 - adding Teacher Yana Kirkorov to DB SQL
2016-11-20 13:42:00 INFO  ConnectionFactory:36 - getting Connection To DB SQL named testDBForUniversity on SQL server
2016-11-20 13:42:00 INFO  ConnectionFactory:39 - getting driver to Connection To DB SQL named testDBForUniversity on SQL server
2016-11-20 13:42:00 INFO  InsertCommands:73 - Teacher Yana Kirkorovwas add to DB SQL
2016-11-20 13:42:00 INFO  InsertCommands:65 - adding Teacher Stepan Galkin to DB SQL
2016-11-20 13:42:00 INFO  ConnectionFactory:36 - getting Connection To DB SQL named testDBForUniversity on SQL server
2016-11-20 13:42:00 INFO  ConnectionFactory:39 - getting driver to Connection To DB SQL named testDBForUniversity on SQL server
2016-11-20 13:42:00 INFO  InsertCommands:73 - Teacher Stepan Galkinwas add to DB SQL
2016-11-20 13:42:00 INFO  InsertCommands:65 - adding Teacher Petr Baskov to DB SQL
2016-11-20 13:42:00 INFO  ConnectionFactory:36 - getting Connection To DB SQL named testDBForUniversity on SQL server
2016-11-20 13:42:00 INFO  ConnectionFactory:39 - getting driver to Connection To DB SQL named testDBForUniversity on SQL server
2016-11-20 13:42:00 INFO  InsertCommands:73 - Teacher Petr Baskovwas add to DB SQL
2016-11-20 13:42:00 INFO  InsertCommands:65 - adding Teacher Ulyana Lyashko to DB SQL
2016-11-20 13:42:00 INFO  ConnectionFactory:36 - getting Connection To DB SQL named testDBForUniversity on SQL server
2016-11-20 13:42:00 INFO  ConnectionFactory:39 - getting driver to Connection To DB SQL named testDBForUniversity on SQL server
2016-11-20 13:42:00 INFO  InsertCommands:73 - Teacher Ulyana Lyashkowas add to DB SQL
2016-11-20 13:42:00 INFO  InsertCommands:65 - adding Teacher Stepan Tramp to DB SQL
2016-11-20 13:42:00 INFO  ConnectionFactory:36 - getting Connection To DB SQL named testDBForUniversity on SQL server
2016-11-20 13:42:00 INFO  ConnectionFactory:39 - getting driver to Connection To DB SQL named testDBForUniversity on SQL server
2016-11-20 13:42:00 INFO  InsertCommands:73 - Teacher Stepan Trampwas add to DB SQL
2016-11-20 13:42:00 INFO  InsertCommands:65 - adding Teacher Yuliya Koshevoy to DB SQL
2016-11-20 13:42:00 INFO  ConnectionFactory:36 - getting Connection To DB SQL named testDBForUniversity on SQL server
2016-11-20 13:42:00 INFO  ConnectionFactory:39 - getting driver to Connection To DB SQL named testDBForUniversity on SQL server
2016-11-20 13:42:00 INFO  InsertCommands:73 - Teacher Yuliya Koshevoywas add to DB SQL
2016-11-20 13:42:00 INFO  InsertCommands:65 - adding Teacher Stepan Putin to DB SQL
2016-11-20 13:42:00 INFO  ConnectionFactory:36 - getting Connection To DB SQL named testDBForUniversity on SQL server
2016-11-20 13:42:00 INFO  ConnectionFactory:39 - getting driver to Connection To DB SQL named testDBForUniversity on SQL server
2016-11-20 13:42:00 INFO  InsertCommands:73 - Teacher Stepan Putinwas add to DB SQL
2016-11-20 13:42:00 INFO  InsertCommands:65 - adding Teacher Hanna Kuchma to DB SQL
2016-11-20 13:42:00 INFO  ConnectionFactory:36 - getting Connection To DB SQL named testDBForUniversity on SQL server
2016-11-20 13:42:00 INFO  ConnectionFactory:39 - getting driver to Connection To DB SQL named testDBForUniversity on SQL server
2016-11-20 13:42:00 INFO  InsertCommands:73 - Teacher Hanna Kuchmawas add to DB SQL
2016-11-20 13:42:00 INFO  InsertCommands:87 - adding Student Pavel Moskal to DB SQL
2016-11-20 13:42:00 INFO  ConnectionFactory:36 - getting Connection To DB SQL named testDBForUniversity on SQL server
2016-11-20 13:42:00 INFO  ConnectionFactory:39 - getting driver to Connection To DB SQL named testDBForUniversity on SQL server
2016-11-20 13:42:00 INFO  InsertCommands:93 - Student Pavel Moskalwas add to DB SQL
2016-11-20 13:42:00 INFO  InsertCommands:87 - adding Student Yuliya Klichko to DB SQL
2016-11-20 13:42:00 INFO  ConnectionFactory:36 - getting Connection To DB SQL named testDBForUniversity on SQL server
2016-11-20 13:42:00 INFO  ConnectionFactory:39 - getting driver to Connection To DB SQL named testDBForUniversity on SQL server
2016-11-20 13:42:00 INFO  InsertCommands:93 - Student Yuliya Klichkowas add to DB SQL
2016-11-20 13:42:00 INFO  InsertCommands:87 - adding Student Vladimir Klichko to DB SQL
2016-11-20 13:42:00 INFO  ConnectionFactory:36 - getting Connection To DB SQL named testDBForUniversity on SQL server
2016-11-20 13:42:00 INFO  ConnectionFactory:39 - getting driver to Connection To DB SQL named testDBForUniversity on SQL server
2016-11-20 13:42:00 INFO  InsertCommands:93 - Student Vladimir Klichkowas add to DB SQL
2016-11-20 13:42:00 INFO  InsertCommands:87 - adding Student Igor Shevchenho to DB SQL
2016-11-20 13:42:00 INFO  ConnectionFactory:36 - getting Connection To DB SQL named testDBForUniversity on SQL server
2016-11-20 13:42:00 INFO  ConnectionFactory:39 - getting driver to Connection To DB SQL named testDBForUniversity on SQL server
2016-11-20 13:42:00 INFO  InsertCommands:93 - Student Igor Shevchenhowas add to DB SQL
2016-11-20 13:42:00 INFO  InsertCommands:87 - adding Student Gennadiy Aksenov to DB SQL
2016-11-20 13:42:00 INFO  ConnectionFactory:36 - getting Connection To DB SQL named testDBForUniversity on SQL server
2016-11-20 13:42:00 INFO  ConnectionFactory:39 - getting driver to Connection To DB SQL named testDBForUniversity on SQL server
2016-11-20 13:42:00 INFO  InsertCommands:93 - Student Gennadiy Aksenovwas add to DB SQL
2016-11-20 13:42:00 INFO  InsertCommands:87 - adding Student Yuliya Baskov to DB SQL
2016-11-20 13:42:00 INFO  ConnectionFactory:36 - getting Connection To DB SQL named testDBForUniversity on SQL server
2016-11-20 13:42:00 INFO  ConnectionFactory:39 - getting driver to Connection To DB SQL named testDBForUniversity on SQL server
2016-11-20 13:42:01 INFO  InsertCommands:93 - Student Yuliya Baskovwas add to DB SQL
2016-11-20 13:42:01 INFO  InsertCommands:87 - adding Student Aleksandr Tramp to DB SQL
2016-11-20 13:42:01 INFO  ConnectionFactory:36 - getting Connection To DB SQL named testDBForUniversity on SQL server
2016-11-20 13:42:01 INFO  ConnectionFactory:39 - getting driver to Connection To DB SQL named testDBForUniversity on SQL server
2016-11-20 13:42:01 INFO  InsertCommands:93 - Student Aleksandr Trampwas add to DB SQL
2016-11-20 13:42:01 INFO  InsertCommands:87 - adding Student Sergey Moskal to DB SQL
2016-11-20 13:42:01 INFO  ConnectionFactory:36 - getting Connection To DB SQL named testDBForUniversity on SQL server
2016-11-20 13:42:01 INFO  ConnectionFactory:39 - getting driver to Connection To DB SQL named testDBForUniversity on SQL server
2016-11-20 13:42:01 INFO  InsertCommands:93 - Student Sergey Moskalwas add to DB SQL
2016-11-20 13:42:01 INFO  InsertCommands:87 - adding Student Vladimir Yanukovich to DB SQL
2016-11-20 13:42:01 INFO  ConnectionFactory:36 - getting Connection To DB SQL named testDBForUniversity on SQL server
2016-11-20 13:42:01 INFO  ConnectionFactory:39 - getting driver to Connection To DB SQL named testDBForUniversity on SQL server
2016-11-20 13:42:01 INFO  InsertCommands:93 - Student Vladimir Yanukovichwas add to DB SQL
2016-11-20 13:42:01 INFO  InsertCommands:87 - adding Student Stepan Zhirinovskiy to DB SQL
2016-11-20 13:42:01 INFO  ConnectionFactory:36 - getting Connection To DB SQL named testDBForUniversity on SQL server
2016-11-20 13:42:01 INFO  ConnectionFactory:39 - getting driver to Connection To DB SQL named testDBForUniversity on SQL server
2016-11-20 13:42:01 INFO  InsertCommands:93 - Student Stepan Zhirinovskiywas add to DB SQL
2016-11-20 13:42:01 INFO  InsertCommands:87 - adding Student Yana Yanukovich to DB SQL
2016-11-20 13:42:01 INFO  ConnectionFactory:36 - getting Connection To DB SQL named testDBForUniversity on SQL server
2016-11-20 13:42:01 INFO  ConnectionFactory:39 - getting driver to Connection To DB SQL named testDBForUniversity on SQL server
2016-11-20 13:42:01 INFO  InsertCommands:93 - Student Yana Yanukovichwas add to DB SQL
2016-11-20 13:42:01 INFO  InsertCommands:87 - adding Student Antonina Moskal to DB SQL
2016-11-20 13:42:01 INFO  ConnectionFactory:36 - getting Connection To DB SQL named testDBForUniversity on SQL server
2016-11-20 13:42:01 INFO  ConnectionFactory:39 - getting driver to Connection To DB SQL named testDBForUniversity on SQL server
2016-11-20 13:42:01 INFO  InsertCommands:93 - Student Antonina Moskalwas add to DB SQL
2016-11-20 13:42:01 INFO  InsertCommands:87 - adding Student Petr Yanukovich to DB SQL
2016-11-20 13:42:01 INFO  ConnectionFactory:36 - getting Connection To DB SQL named testDBForUniversity on SQL server
2016-11-20 13:42:01 INFO  ConnectionFactory:39 - getting driver to Connection To DB SQL named testDBForUniversity on SQL server
2016-11-20 13:42:01 INFO  InsertCommands:93 - Student Petr Yanukovichwas add to DB SQL
2016-11-20 13:42:01 INFO  InsertCommands:87 - adding Student Irina Baskov to DB SQL
2016-11-20 13:42:01 INFO  ConnectionFactory:36 - getting Connection To DB SQL named testDBForUniversity on SQL server
2016-11-20 13:42:01 INFO  ConnectionFactory:39 - getting driver to Connection To DB SQL named testDBForUniversity on SQL server
2016-11-20 13:42:01 INFO  InsertCommands:93 - Student Irina Baskovwas add to DB SQL
2016-11-20 13:42:01 INFO  InsertCommands:87 - adding Student Yana Koshevoy to DB SQL
2016-11-20 13:42:01 INFO  ConnectionFactory:36 - getting Connection To DB SQL named testDBForUniversity on SQL server
2016-11-20 13:42:01 INFO  ConnectionFactory:39 - getting driver to Connection To DB SQL named testDBForUniversity on SQL server
2016-11-20 13:42:01 INFO  InsertCommands:93 - Student Yana Koshevoywas add to DB SQL
2016-11-20 13:42:01 INFO  InsertCommands:87 - adding Student Sergey Lyashko to DB SQL
2016-11-20 13:42:01 INFO  ConnectionFactory:36 - getting Connection To DB SQL named testDBForUniversity on SQL server
2016-11-20 13:42:01 INFO  ConnectionFactory:39 - getting driver to Connection To DB SQL named testDBForUniversity on SQL server
2016-11-20 13:42:01 INFO  InsertCommands:93 - Student Sergey Lyashkowas add to DB SQL
2016-11-20 13:42:01 INFO  InsertCommands:87 - adding Student Ivan Aksenov to DB SQL
2016-11-20 13:42:01 INFO  ConnectionFactory:36 - getting Connection To DB SQL named testDBForUniversity on SQL server
2016-11-20 13:42:01 INFO  ConnectionFactory:39 - getting driver to Connection To DB SQL named testDBForUniversity on SQL server
2016-11-20 13:42:01 INFO  InsertCommands:93 - Student Ivan Aksenovwas add to DB SQL
2016-11-20 13:42:01 INFO  InsertCommands:87 - adding Student Artur Timoshenko to DB SQL
2016-11-20 13:42:01 INFO  ConnectionFactory:36 - getting Connection To DB SQL named testDBForUniversity on SQL server
2016-11-20 13:42:01 INFO  ConnectionFactory:39 - getting driver to Connection To DB SQL named testDBForUniversity on SQL server
2016-11-20 13:42:01 INFO  InsertCommands:93 - Student Artur Timoshenkowas add to DB SQL
2016-11-20 13:42:01 INFO  InsertCommands:87 - adding Student Petr Hmelnizkiy to DB SQL
2016-11-20 13:42:01 INFO  ConnectionFactory:36 - getting Connection To DB SQL named testDBForUniversity on SQL server
2016-11-20 13:42:01 INFO  ConnectionFactory:39 - getting driver to Connection To DB SQL named testDBForUniversity on SQL server
2016-11-20 13:42:02 INFO  InsertCommands:93 - Student Petr Hmelnizkiywas add to DB SQL
2016-11-20 13:42:02 INFO  InsertCommands:87 - adding Student Elena Timoshenko to DB SQL
2016-11-20 13:42:02 INFO  ConnectionFactory:36 - getting Connection To DB SQL named testDBForUniversity on SQL server
2016-11-20 13:42:02 INFO  ConnectionFactory:39 - getting driver to Connection To DB SQL named testDBForUniversity on SQL server
2016-11-20 13:42:02 INFO  InsertCommands:93 - Student Elena Timoshenkowas add to DB SQL
2016-11-20 13:42:02 INFO  UpDateCommands:25 - update Student by id 0 to Group by id 1
2016-11-20 13:42:02 INFO  ConnectionFactory:36 - getting Connection To DB SQL named testDBForUniversity on SQL server
2016-11-20 13:42:02 INFO  ConnectionFactory:39 - getting driver to Connection To DB SQL named testDBForUniversity on SQL server
2016-11-20 13:42:02 INFO  UpDateCommands:32 - Student by id 0 to Group by id 1 was update
2016-11-20 13:42:02 INFO  UpDateCommands:25 - update Student by id 1 to Group by id 1
2016-11-20 13:42:02 INFO  ConnectionFactory:36 - getting Connection To DB SQL named testDBForUniversity on SQL server
2016-11-20 13:42:02 INFO  ConnectionFactory:39 - getting driver to Connection To DB SQL named testDBForUniversity on SQL server
2016-11-20 13:42:02 INFO  UpDateCommands:32 - Student by id 1 to Group by id 1 was update
2016-11-20 13:42:02 INFO  UpDateCommands:25 - update Student by id 2 to Group by id 1
2016-11-20 13:42:02 INFO  ConnectionFactory:36 - getting Connection To DB SQL named testDBForUniversity on SQL server
2016-11-20 13:42:02 INFO  ConnectionFactory:39 - getting driver to Connection To DB SQL named testDBForUniversity on SQL server
2016-11-20 13:42:02 INFO  UpDateCommands:32 - Student by id 2 to Group by id 1 was update
2016-11-20 13:42:02 INFO  UpDateCommands:25 - update Student by id 3 to Group by id 1
2016-11-20 13:42:02 INFO  ConnectionFactory:36 - getting Connection To DB SQL named testDBForUniversity on SQL server
2016-11-20 13:42:02 INFO  ConnectionFactory:39 - getting driver to Connection To DB SQL named testDBForUniversity on SQL server
2016-11-20 13:42:02 INFO  UpDateCommands:32 - Student by id 3 to Group by id 1 was update
2016-11-20 13:42:02 INFO  UpDateCommands:25 - update Student by id 4 to Group by id 1
2016-11-20 13:42:02 INFO  ConnectionFactory:36 - getting Connection To DB SQL named testDBForUniversity on SQL server
2016-11-20 13:42:02 INFO  ConnectionFactory:39 - getting driver to Connection To DB SQL named testDBForUniversity on SQL server
2016-11-20 13:42:02 INFO  UpDateCommands:32 - Student by id 4 to Group by id 1 was update
2016-11-20 13:42:02 INFO  UpDateCommands:25 - update Student by id 5 to Group by id 1
2016-11-20 13:42:02 INFO  ConnectionFactory:36 - getting Connection To DB SQL named testDBForUniversity on SQL server
2016-11-20 13:42:02 INFO  ConnectionFactory:39 - getting driver to Connection To DB SQL named testDBForUniversity on SQL server
2016-11-20 13:42:02 INFO  UpDateCommands:32 - Student by id 5 to Group by id 1 was update
2016-11-20 13:42:02 INFO  UpDateCommands:25 - update Student by id 6 to Group by id 1
2016-11-20 13:42:02 INFO  ConnectionFactory:36 - getting Connection To DB SQL named testDBForUniversity on SQL server
2016-11-20 13:42:02 INFO  ConnectionFactory:39 - getting driver to Connection To DB SQL named testDBForUniversity on SQL server
2016-11-20 13:42:02 INFO  UpDateCommands:32 - Student by id 6 to Group by id 1 was update
2016-11-20 13:42:02 INFO  UpDateCommands:25 - update Student by id 7 to Group by id 1
2016-11-20 13:42:02 INFO  ConnectionFactory:36 - getting Connection To DB SQL named testDBForUniversity on SQL server
2016-11-20 13:42:02 INFO  ConnectionFactory:39 - getting driver to Connection To DB SQL named testDBForUniversity on SQL server
2016-11-20 13:42:02 INFO  UpDateCommands:32 - Student by id 7 to Group by id 1 was update
2016-11-20 13:42:02 INFO  UpDateCommands:25 - update Student by id 8 to Group by id 3
2016-11-20 13:42:02 INFO  ConnectionFactory:36 - getting Connection To DB SQL named testDBForUniversity on SQL server
2016-11-20 13:42:02 INFO  ConnectionFactory:39 - getting driver to Connection To DB SQL named testDBForUniversity on SQL server
2016-11-20 13:42:02 INFO  UpDateCommands:32 - Student by id 8 to Group by id 3 was update
2016-11-20 13:42:02 INFO  UpDateCommands:25 - update Student by id 9 to Group by id 3
2016-11-20 13:42:02 INFO  ConnectionFactory:36 - getting Connection To DB SQL named testDBForUniversity on SQL server
2016-11-20 13:42:02 INFO  ConnectionFactory:39 - getting driver to Connection To DB SQL named testDBForUniversity on SQL server
2016-11-20 13:42:02 INFO  UpDateCommands:32 - Student by id 9 to Group by id 3 was update
2016-11-20 13:42:02 INFO  UpDateCommands:25 - update Student by id 10 to Group by id 3
2016-11-20 13:42:02 INFO  ConnectionFactory:36 - getting Connection To DB SQL named testDBForUniversity on SQL server
2016-11-20 13:42:02 INFO  ConnectionFactory:39 - getting driver to Connection To DB SQL named testDBForUniversity on SQL server
2016-11-20 13:42:02 INFO  UpDateCommands:32 - Student by id 10 to Group by id 3 was update
2016-11-20 13:42:02 INFO  UpDateCommands:25 - update Student by id 11 to Group by id 3
2016-11-20 13:42:02 INFO  ConnectionFactory:36 - getting Connection To DB SQL named testDBForUniversity on SQL server
2016-11-20 13:42:02 INFO  ConnectionFactory:39 - getting driver to Connection To DB SQL named testDBForUniversity on SQL server
2016-11-20 13:42:02 INFO  UpDateCommands:32 - Student by id 11 to Group by id 3 was update
2016-11-20 13:42:02 INFO  UpDateCommands:25 - update Student by id 12 to Group by id 3
2016-11-20 13:42:02 INFO  ConnectionFactory:36 - getting Connection To DB SQL named testDBForUniversity on SQL server
2016-11-20 13:42:02 INFO  ConnectionFactory:39 - getting driver to Connection To DB SQL named testDBForUniversity on SQL server
2016-11-20 13:42:02 INFO  UpDateCommands:32 - Student by id 12 to Group by id 3 was update
2016-11-20 13:42:02 INFO  UpDateCommands:25 - update Student by id 13 to Group by id 3
2016-11-20 13:42:02 INFO  ConnectionFactory:36 - getting Connection To DB SQL named testDBForUniversity on SQL server
2016-11-20 13:42:02 INFO  ConnectionFactory:39 - getting driver to Connection To DB SQL named testDBForUniversity on SQL server
2016-11-20 13:42:02 INFO  UpDateCommands:32 - Student by id 13 to Group by id 3 was update
2016-11-20 13:42:02 INFO  UpDateCommands:25 - update Student by id 14 to Group by id 4
2016-11-20 13:42:02 INFO  ConnectionFactory:36 - getting Connection To DB SQL named testDBForUniversity on SQL server
2016-11-20 13:42:02 INFO  ConnectionFactory:39 - getting driver to Connection To DB SQL named testDBForUniversity on SQL server
2016-11-20 13:42:02 INFO  UpDateCommands:32 - Student by id 14 to Group by id 4 was update
2016-11-20 13:42:02 INFO  UpDateCommands:25 - update Student by id 15 to Group by id 4
2016-11-20 13:42:02 INFO  ConnectionFactory:36 - getting Connection To DB SQL named testDBForUniversity on SQL server
2016-11-20 13:42:02 INFO  ConnectionFactory:39 - getting driver to Connection To DB SQL named testDBForUniversity on SQL server
2016-11-20 13:42:02 INFO  UpDateCommands:32 - Student by id 15 to Group by id 4 was update
2016-11-20 13:42:02 INFO  UpDateCommands:25 - update Student by id 16 to Group by id 4
2016-11-20 13:42:02 INFO  ConnectionFactory:36 - getting Connection To DB SQL named testDBForUniversity on SQL server
2016-11-20 13:42:02 INFO  ConnectionFactory:39 - getting driver to Connection To DB SQL named testDBForUniversity on SQL server
2016-11-20 13:42:02 INFO  UpDateCommands:32 - Student by id 16 to Group by id 4 was update
2016-11-20 13:42:02 INFO  UpDateCommands:25 - update Student by id 17 to Group by id 4
2016-11-20 13:42:02 INFO  ConnectionFactory:36 - getting Connection To DB SQL named testDBForUniversity on SQL server
2016-11-20 13:42:02 INFO  ConnectionFactory:39 - getting driver to Connection To DB SQL named testDBForUniversity on SQL server
2016-11-20 13:42:02 INFO  UpDateCommands:32 - Student by id 17 to Group by id 4 was update
2016-11-20 13:42:02 INFO  UpDateCommands:25 - update Student by id 18 to Group by id 4
2016-11-20 13:42:02 INFO  ConnectionFactory:36 - getting Connection To DB SQL named testDBForUniversity on SQL server
2016-11-20 13:42:02 INFO  ConnectionFactory:39 - getting driver to Connection To DB SQL named testDBForUniversity on SQL server
2016-11-20 13:42:02 INFO  UpDateCommands:32 - Student by id 18 to Group by id 4 was update
2016-11-20 13:42:02 INFO  UpDateCommands:25 - update Student by id 19 to Group by id 4
2016-11-20 13:42:02 INFO  ConnectionFactory:36 - getting Connection To DB SQL named testDBForUniversity on SQL server
2016-11-20 13:42:02 INFO  ConnectionFactory:39 - getting driver to Connection To DB SQL named testDBForUniversity on SQL server
2016-11-20 13:42:02 INFO  UpDateCommands:32 - Student by id 19 to Group by id 4 was update
2016-11-20 13:42:02 INFO  SelectCommands:35 - getting List of Students from SQL DB
2016-11-20 13:42:02 INFO  ConnectionFactory:36 - getting Connection To DB SQL named testDBForUniversity on SQL server
2016-11-20 13:42:02 INFO  ConnectionFactory:39 - getting driver to Connection To DB SQL named testDBForUniversity on SQL server
2016-11-20 13:42:02 INFO  SelectCommands:44 - List of Students was get from SQL DB
2016-11-20 13:43:28 INFO  CreateCommands:55 - creating Table Groups in DB SQL
2016-11-20 13:43:28 INFO  ConnectionFactory:36 - getting Connection To DB SQL named testDBForUniversity on SQL server
2016-11-20 13:43:28 INFO  ConnectionFactory:39 - getting driver to Connection To DB SQL named testDBForUniversity on SQL server
2016-11-20 13:43:29 ERROR CreateCommands:63 - creating Table Groups in DB SQL was itterupt
com.mysql.jdbc.exceptions.jdbc4.MySQLSyntaxErrorException: Table 'groups' already exists
	at sun.reflect.NativeConstructorAccessorImpl.newInstance0(Native Method)
	at sun.reflect.NativeConstructorAccessorImpl.newInstance(NativeConstructorAccessorImpl.java:62)
	at sun.reflect.DelegatingConstructorAccessorImpl.newInstance(DelegatingConstructorAccessorImpl.java:45)
	at java.lang.reflect.Constructor.newInstance(Constructor.java:423)
	at com.mysql.jdbc.Util.handleNewInstance(Util.java:389)
	at com.mysql.jdbc.Util.getInstance(Util.java:372)
	at com.mysql.jdbc.SQLError.createSQLException(SQLError.java:980)
	at com.mysql.jdbc.MysqlIO.checkErrorPacket(MysqlIO.java:3835)
	at com.mysql.jdbc.MysqlIO.checkErrorPacket(MysqlIO.java:3771)
	at com.mysql.jdbc.MysqlIO.sendCommand(MysqlIO.java:2435)
	at com.mysql.jdbc.MysqlIO.sqlQueryDirect(MysqlIO.java:2582)
	at com.mysql.jdbc.ConnectionImpl.execSQL(ConnectionImpl.java:2535)
	at com.mysql.jdbc.PreparedStatement.executeInternal(PreparedStatement.java:1911)
	at com.mysql.jdbc.PreparedStatement.execute(PreparedStatement.java:1203)
	at ua.artcode.daoSQL.implementations.CreateCommands.createTableGroups(CreateCommands.java:59)
	at init.StartInitDB.createTables(StartInitDB.java:15)
	at init.TestLogger.main(TestLogger.java:27)
	at sun.reflect.NativeMethodAccessorImpl.invoke0(Native Method)
	at sun.reflect.NativeMethodAccessorImpl.invoke(NativeMethodAccessorImpl.java:62)
	at sun.reflect.DelegatingMethodAccessorImpl.invoke(DelegatingMethodAccessorImpl.java:43)
	at java.lang.reflect.Method.invoke(Method.java:498)
	at com.intellij.rt.execution.application.AppMain.main(AppMain.java:147)
2016-11-20 13:43:29 INFO  CreateCommands:71 - creating Table Subjects in DB SQL
2016-11-20 13:43:29 INFO  ConnectionFactory:36 - getting Connection To DB SQL named testDBForUniversity on SQL server
2016-11-20 13:43:29 INFO  ConnectionFactory:39 - getting driver to Connection To DB SQL named testDBForUniversity on SQL server
2016-11-20 13:43:29 ERROR CreateCommands:79 - creating Table Subjects in DB SQL was itterupt
com.mysql.jdbc.exceptions.jdbc4.MySQLSyntaxErrorException: Table 'subjects' already exists
	at sun.reflect.NativeConstructorAccessorImpl.newInstance0(Native Method)
	at sun.reflect.NativeConstructorAccessorImpl.newInstance(NativeConstructorAccessorImpl.java:62)
	at sun.reflect.DelegatingConstructorAccessorImpl.newInstance(DelegatingConstructorAccessorImpl.java:45)
	at java.lang.reflect.Constructor.newInstance(Constructor.java:423)
	at com.mysql.jdbc.Util.handleNewInstance(Util.java:389)
	at com.mysql.jdbc.Util.getInstance(Util.java:372)
	at com.mysql.jdbc.SQLError.createSQLException(SQLError.java:980)
	at com.mysql.jdbc.MysqlIO.checkErrorPacket(MysqlIO.java:3835)
	at com.mysql.jdbc.MysqlIO.checkErrorPacket(MysqlIO.java:3771)
	at com.mysql.jdbc.MysqlIO.sendCommand(MysqlIO.java:2435)
	at com.mysql.jdbc.MysqlIO.sqlQueryDirect(MysqlIO.java:2582)
	at com.mysql.jdbc.ConnectionImpl.execSQL(ConnectionImpl.java:2535)
	at com.mysql.jdbc.PreparedStatement.executeInternal(PreparedStatement.java:1911)
	at com.mysql.jdbc.PreparedStatement.execute(PreparedStatement.java:1203)
	at ua.artcode.daoSQL.implementations.CreateCommands.createTableSubject(CreateCommands.java:75)
	at init.StartInitDB.createTables(StartInitDB.java:16)
	at init.TestLogger.main(TestLogger.java:27)
	at sun.reflect.NativeMethodAccessorImpl.invoke0(Native Method)
	at sun.reflect.NativeMethodAccessorImpl.invoke(NativeMethodAccessorImpl.java:62)
	at sun.reflect.DelegatingMethodAccessorImpl.invoke(DelegatingMethodAccessorImpl.java:43)
	at java.lang.reflect.Method.invoke(Method.java:498)
	at com.intellij.rt.execution.application.AppMain.main(AppMain.java:147)
2016-11-20 13:43:29 INFO  CreateCommands:87 - creating Table Teachers in DB SQL
2016-11-20 13:43:29 INFO  ConnectionFactory:36 - getting Connection To DB SQL named testDBForUniversity on SQL server
2016-11-20 13:43:29 INFO  ConnectionFactory:39 - getting driver to Connection To DB SQL named testDBForUniversity on SQL server
2016-11-20 13:43:29 ERROR CreateCommands:95 - creating Table Teachers in DB SQL was itterupt
com.mysql.jdbc.exceptions.jdbc4.MySQLSyntaxErrorException: Table 'teachers' already exists
	at sun.reflect.NativeConstructorAccessorImpl.newInstance0(Native Method)
	at sun.reflect.NativeConstructorAccessorImpl.newInstance(NativeConstructorAccessorImpl.java:62)
	at sun.reflect.DelegatingConstructorAccessorImpl.newInstance(DelegatingConstructorAccessorImpl.java:45)
	at java.lang.reflect.Constructor.newInstance(Constructor.java:423)
	at com.mysql.jdbc.Util.handleNewInstance(Util.java:389)
	at com.mysql.jdbc.Util.getInstance(Util.java:372)
	at com.mysql.jdbc.SQLError.createSQLException(SQLError.java:980)
	at com.mysql.jdbc.MysqlIO.checkErrorPacket(MysqlIO.java:3835)
	at com.mysql.jdbc.MysqlIO.checkErrorPacket(MysqlIO.java:3771)
	at com.mysql.jdbc.MysqlIO.sendCommand(MysqlIO.java:2435)
	at com.mysql.jdbc.MysqlIO.sqlQueryDirect(MysqlIO.java:2582)
	at com.mysql.jdbc.ConnectionImpl.execSQL(ConnectionImpl.java:2535)
	at com.mysql.jdbc.PreparedStatement.executeInternal(PreparedStatement.java:1911)
	at com.mysql.jdbc.PreparedStatement.execute(PreparedStatement.java:1203)
	at ua.artcode.daoSQL.implementations.CreateCommands.createTableTeachers(CreateCommands.java:91)
	at init.StartInitDB.createTables(StartInitDB.java:17)
	at init.TestLogger.main(TestLogger.java:27)
	at sun.reflect.NativeMethodAccessorImpl.invoke0(Native Method)
	at sun.reflect.NativeMethodAccessorImpl.invoke(NativeMethodAccessorImpl.java:62)
	at sun.reflect.DelegatingMethodAccessorImpl.invoke(DelegatingMethodAccessorImpl.java:43)
	at java.lang.reflect.Method.invoke(Method.java:498)
	at com.intellij.rt.execution.application.AppMain.main(AppMain.java:147)
2016-11-20 13:43:29 INFO  CreateCommands:103 - creating Table Students in DB SQL
2016-11-20 13:43:29 INFO  ConnectionFactory:36 - getting Connection To DB SQL named testDBForUniversity on SQL server
2016-11-20 13:43:29 INFO  ConnectionFactory:39 - getting driver to Connection To DB SQL named testDBForUniversity on SQL server
2016-11-20 13:43:29 ERROR CreateCommands:111 - creating Table Students in DB SQL was itterupt
com.mysql.jdbc.exceptions.jdbc4.MySQLSyntaxErrorException: Table 'student' already exists
	at sun.reflect.NativeConstructorAccessorImpl.newInstance0(Native Method)
	at sun.reflect.NativeConstructorAccessorImpl.newInstance(NativeConstructorAccessorImpl.java:62)
	at sun.reflect.DelegatingConstructorAccessorImpl.newInstance(DelegatingConstructorAccessorImpl.java:45)
	at java.lang.reflect.Constructor.newInstance(Constructor.java:423)
	at com.mysql.jdbc.Util.handleNewInstance(Util.java:389)
	at com.mysql.jdbc.Util.getInstance(Util.java:372)
	at com.mysql.jdbc.SQLError.createSQLException(SQLError.java:980)
	at com.mysql.jdbc.MysqlIO.checkErrorPacket(MysqlIO.java:3835)
	at com.mysql.jdbc.MysqlIO.checkErrorPacket(MysqlIO.java:3771)
	at com.mysql.jdbc.MysqlIO.sendCommand(MysqlIO.java:2435)
	at com.mysql.jdbc.MysqlIO.sqlQueryDirect(MysqlIO.java:2582)
	at com.mysql.jdbc.ConnectionImpl.execSQL(ConnectionImpl.java:2535)
	at com.mysql.jdbc.PreparedStatement.executeInternal(PreparedStatement.java:1911)
	at com.mysql.jdbc.PreparedStatement.execute(PreparedStatement.java:1203)
	at ua.artcode.daoSQL.implementations.CreateCommands.createTableStudents(CreateCommands.java:107)
	at init.StartInitDB.createTables(StartInitDB.java:18)
	at init.TestLogger.main(TestLogger.java:27)
	at sun.reflect.NativeMethodAccessorImpl.invoke0(Native Method)
	at sun.reflect.NativeMethodAccessorImpl.invoke(NativeMethodAccessorImpl.java:62)
	at sun.reflect.DelegatingMethodAccessorImpl.invoke(DelegatingMethodAccessorImpl.java:43)
	at java.lang.reflect.Method.invoke(Method.java:498)
	at com.intellij.rt.execution.application.AppMain.main(AppMain.java:147)
2016-11-20 13:43:29 INFO  CreateCommands:119 - creating Table Study in DB SQL
2016-11-20 13:43:29 INFO  ConnectionFactory:36 - getting Connection To DB SQL named testDBForUniversity on SQL server
2016-11-20 13:43:29 INFO  ConnectionFactory:39 - getting driver to Connection To DB SQL named testDBForUniversity on SQL server
2016-11-20 13:43:29 ERROR CreateCommands:127 - creating Table Study in DB SQL was itterupt
com.mysql.jdbc.exceptions.jdbc4.MySQLSyntaxErrorException: Table 'study' already exists
	at sun.reflect.NativeConstructorAccessorImpl.newInstance0(Native Method)
	at sun.reflect.NativeConstructorAccessorImpl.newInstance(NativeConstructorAccessorImpl.java:62)
	at sun.reflect.DelegatingConstructorAccessorImpl.newInstance(DelegatingConstructorAccessorImpl.java:45)
	at java.lang.reflect.Constructor.newInstance(Constructor.java:423)
	at com.mysql.jdbc.Util.handleNewInstance(Util.java:389)
	at com.mysql.jdbc.Util.getInstance(Util.java:372)
	at com.mysql.jdbc.SQLError.createSQLException(SQLError.java:980)
	at com.mysql.jdbc.MysqlIO.checkErrorPacket(MysqlIO.java:3835)
	at com.mysql.jdbc.MysqlIO.checkErrorPacket(MysqlIO.java:3771)
	at com.mysql.jdbc.MysqlIO.sendCommand(MysqlIO.java:2435)
	at com.mysql.jdbc.MysqlIO.sqlQueryDirect(MysqlIO.java:2582)
	at com.mysql.jdbc.ConnectionImpl.execSQL(ConnectionImpl.java:2535)
	at com.mysql.jdbc.PreparedStatement.executeInternal(PreparedStatement.java:1911)
	at com.mysql.jdbc.PreparedStatement.execute(PreparedStatement.java:1203)
	at ua.artcode.daoSQL.implementations.CreateCommands.createTableStudy(CreateCommands.java:123)
	at init.StartInitDB.createTables(StartInitDB.java:19)
	at init.TestLogger.main(TestLogger.java:27)
	at sun.reflect.NativeMethodAccessorImpl.invoke0(Native Method)
	at sun.reflect.NativeMethodAccessorImpl.invoke(NativeMethodAccessorImpl.java:62)
	at sun.reflect.DelegatingMethodAccessorImpl.invoke(DelegatingMethodAccessorImpl.java:43)
	at java.lang.reflect.Method.invoke(Method.java:498)
	at com.intellij.rt.execution.application.AppMain.main(AppMain.java:147)
2016-11-20 13:43:29 INFO  InsertCommands:46 - adding Group Regionu-7 to DB SQL
2016-11-20 13:43:29 INFO  ConnectionFactory:36 - getting Connection To DB SQL named testDBForUniversity on SQL server
2016-11-20 13:43:29 INFO  ConnectionFactory:39 - getting driver to Connection To DB SQL named testDBForUniversity on SQL server
2016-11-20 13:43:29 INFO  InsertCommands:51 - Group Regionu-7was add to DB SQL
2016-11-20 13:43:29 INFO  InsertCommands:46 - adding Group ACP-13 to DB SQL
2016-11-20 13:43:29 INFO  ConnectionFactory:36 - getting Connection To DB SQL named testDBForUniversity on SQL server
2016-11-20 13:43:29 INFO  ConnectionFactory:39 - getting driver to Connection To DB SQL named testDBForUniversity on SQL server
2016-11-20 13:43:29 INFO  InsertCommands:51 - Group ACP-13was add to DB SQL
2016-11-20 13:43:29 INFO  InsertCommands:46 - adding Group Base-6 to DB SQL
2016-11-20 13:43:29 INFO  ConnectionFactory:36 - getting Connection To DB SQL named testDBForUniversity on SQL server
2016-11-20 13:43:29 INFO  ConnectionFactory:39 - getting driver to Connection To DB SQL named testDBForUniversity on SQL server
2016-11-20 13:43:29 INFO  InsertCommands:51 - Group Base-6was add to DB SQL
2016-11-20 13:43:29 INFO  InsertCommands:46 - adding Group Base-7 to DB SQL
2016-11-20 13:43:29 INFO  ConnectionFactory:36 - getting Connection To DB SQL named testDBForUniversity on SQL server
2016-11-20 13:43:29 INFO  ConnectionFactory:39 - getting driver to Connection To DB SQL named testDBForUniversity on SQL server
2016-11-20 13:43:29 INFO  InsertCommands:51 - Group Base-7was add to DB SQL
2016-11-20 13:43:29 INFO  InsertCommands:46 - adding Group ACP-9 to DB SQL
2016-11-20 13:43:29 INFO  ConnectionFactory:36 - getting Connection To DB SQL named testDBForUniversity on SQL server
2016-11-20 13:43:29 INFO  ConnectionFactory:39 - getting driver to Connection To DB SQL named testDBForUniversity on SQL server
2016-11-20 13:43:29 INFO  InsertCommands:51 - Group ACP-9was add to DB SQL
2016-11-20 13:43:29 INFO  InsertCommands:27 - adding Subject Mathematics to DB SQL
2016-11-20 13:43:29 INFO  ConnectionFactory:36 - getting Connection To DB SQL named testDBForUniversity on SQL server
2016-11-20 13:43:29 INFO  ConnectionFactory:39 - getting driver to Connection To DB SQL named testDBForUniversity on SQL server
2016-11-20 13:43:29 ERROR InsertCommands:38 - adding Subject Mathematics to DB SQL was itterupt
com.mysql.jdbc.exceptions.jdbc4.MySQLIntegrityConstraintViolationException: Duplicate entry 'Mathematics' for key 'subject_name'
	at sun.reflect.NativeConstructorAccessorImpl.newInstance0(Native Method)
	at sun.reflect.NativeConstructorAccessorImpl.newInstance(NativeConstructorAccessorImpl.java:62)
	at sun.reflect.DelegatingConstructorAccessorImpl.newInstance(DelegatingConstructorAccessorImpl.java:45)
	at java.lang.reflect.Constructor.newInstance(Constructor.java:423)
	at com.mysql.jdbc.Util.handleNewInstance(Util.java:389)
	at com.mysql.jdbc.Util.getInstance(Util.java:372)
	at com.mysql.jdbc.SQLError.createSQLException(SQLError.java:973)
	at com.mysql.jdbc.MysqlIO.checkErrorPacket(MysqlIO.java:3835)
	at com.mysql.jdbc.MysqlIO.checkErrorPacket(MysqlIO.java:3771)
	at com.mysql.jdbc.MysqlIO.sendCommand(MysqlIO.java:2435)
	at com.mysql.jdbc.MysqlIO.sqlQueryDirect(MysqlIO.java:2582)
	at com.mysql.jdbc.ConnectionImpl.execSQL(ConnectionImpl.java:2535)
	at com.mysql.jdbc.PreparedStatement.executeInternal(PreparedStatement.java:1911)
	at com.mysql.jdbc.PreparedStatement.execute(PreparedStatement.java:1203)
	at ua.artcode.daoSQL.implementations.InsertCommands.addSubject(InsertCommands.java:33)
	at init.StartInitDB.initTables(StartInitDB.java:31)
	at init.TestLogger.main(TestLogger.java:28)
	at sun.reflect.NativeMethodAccessorImpl.invoke0(Native Method)
	at sun.reflect.NativeMethodAccessorImpl.invoke(NativeMethodAccessorImpl.java:62)
	at sun.reflect.DelegatingMethodAccessorImpl.invoke(DelegatingMethodAccessorImpl.java:43)
	at java.lang.reflect.Method.invoke(Method.java:498)
	at com.intellij.rt.execution.application.AppMain.main(AppMain.java:147)
2016-11-20 13:43:29 INFO  InsertCommands:27 - adding Subject English to DB SQL
2016-11-20 13:43:29 INFO  ConnectionFactory:36 - getting Connection To DB SQL named testDBForUniversity on SQL server
2016-11-20 13:43:29 INFO  ConnectionFactory:39 - getting driver to Connection To DB SQL named testDBForUniversity on SQL server
2016-11-20 13:43:29 ERROR InsertCommands:38 - adding Subject English to DB SQL was itterupt
com.mysql.jdbc.exceptions.jdbc4.MySQLIntegrityConstraintViolationException: Duplicate entry 'English' for key 'subject_name'
	at sun.reflect.NativeConstructorAccessorImpl.newInstance0(Native Method)
	at sun.reflect.NativeConstructorAccessorImpl.newInstance(NativeConstructorAccessorImpl.java:62)
	at sun.reflect.DelegatingConstructorAccessorImpl.newInstance(DelegatingConstructorAccessorImpl.java:45)
	at java.lang.reflect.Constructor.newInstance(Constructor.java:423)
	at com.mysql.jdbc.Util.handleNewInstance(Util.java:389)
	at com.mysql.jdbc.Util.getInstance(Util.java:372)
	at com.mysql.jdbc.SQLError.createSQLException(SQLError.java:973)
	at com.mysql.jdbc.MysqlIO.checkErrorPacket(MysqlIO.java:3835)
	at com.mysql.jdbc.MysqlIO.checkErrorPacket(MysqlIO.java:3771)
	at com.mysql.jdbc.MysqlIO.sendCommand(MysqlIO.java:2435)
	at com.mysql.jdbc.MysqlIO.sqlQueryDirect(MysqlIO.java:2582)
	at com.mysql.jdbc.ConnectionImpl.execSQL(ConnectionImpl.java:2535)
	at com.mysql.jdbc.PreparedStatement.executeInternal(PreparedStatement.java:1911)
	at com.mysql.jdbc.PreparedStatement.execute(PreparedStatement.java:1203)
	at ua.artcode.daoSQL.implementations.InsertCommands.addSubject(InsertCommands.java:33)
	at init.StartInitDB.initTables(StartInitDB.java:31)
	at init.TestLogger.main(TestLogger.java:28)
	at sun.reflect.NativeMethodAccessorImpl.invoke0(Native Method)
	at sun.reflect.NativeMethodAccessorImpl.invoke(NativeMethodAccessorImpl.java:62)
	at sun.reflect.DelegatingMethodAccessorImpl.invoke(DelegatingMethodAccessorImpl.java:43)
	at java.lang.reflect.Method.invoke(Method.java:498)
	at com.intellij.rt.execution.application.AppMain.main(AppMain.java:147)
2016-11-20 13:43:29 INFO  InsertCommands:27 - adding Subject Ukrainian to DB SQL
2016-11-20 13:43:29 INFO  ConnectionFactory:36 - getting Connection To DB SQL named testDBForUniversity on SQL server
2016-11-20 13:43:29 INFO  ConnectionFactory:39 - getting driver to Connection To DB SQL named testDBForUniversity on SQL server
2016-11-20 13:43:29 ERROR InsertCommands:38 - adding Subject Ukrainian to DB SQL was itterupt
com.mysql.jdbc.exceptions.jdbc4.MySQLIntegrityConstraintViolationException: Duplicate entry 'Ukrainian' for key 'subject_name'
	at sun.reflect.NativeConstructorAccessorImpl.newInstance0(Native Method)
	at sun.reflect.NativeConstructorAccessorImpl.newInstance(NativeConstructorAccessorImpl.java:62)
	at sun.reflect.DelegatingConstructorAccessorImpl.newInstance(DelegatingConstructorAccessorImpl.java:45)
	at java.lang.reflect.Constructor.newInstance(Constructor.java:423)
	at com.mysql.jdbc.Util.handleNewInstance(Util.java:389)
	at com.mysql.jdbc.Util.getInstance(Util.java:372)
	at com.mysql.jdbc.SQLError.createSQLException(SQLError.java:973)
	at com.mysql.jdbc.MysqlIO.checkErrorPacket(MysqlIO.java:3835)
	at com.mysql.jdbc.MysqlIO.checkErrorPacket(MysqlIO.java:3771)
	at com.mysql.jdbc.MysqlIO.sendCommand(MysqlIO.java:2435)
	at com.mysql.jdbc.MysqlIO.sqlQueryDirect(MysqlIO.java:2582)
	at com.mysql.jdbc.ConnectionImpl.execSQL(ConnectionImpl.java:2535)
	at com.mysql.jdbc.PreparedStatement.executeInternal(PreparedStatement.java:1911)
	at com.mysql.jdbc.PreparedStatement.execute(PreparedStatement.java:1203)
	at ua.artcode.daoSQL.implementations.InsertCommands.addSubject(InsertCommands.java:33)
	at init.StartInitDB.initTables(StartInitDB.java:31)
	at init.TestLogger.main(TestLogger.java:28)
	at sun.reflect.NativeMethodAccessorImpl.invoke0(Native Method)
	at sun.reflect.NativeMethodAccessorImpl.invoke(NativeMethodAccessorImpl.java:62)
	at sun.reflect.DelegatingMethodAccessorImpl.invoke(DelegatingMethodAccessorImpl.java:43)
	at java.lang.reflect.Method.invoke(Method.java:498)
	at com.intellij.rt.execution.application.AppMain.main(AppMain.java:147)
2016-11-20 13:43:29 INFO  InsertCommands:27 - adding Subject Java programming to DB SQL
2016-11-20 13:43:29 INFO  ConnectionFactory:36 - getting Connection To DB SQL named testDBForUniversity on SQL server
2016-11-20 13:43:29 INFO  ConnectionFactory:39 - getting driver to Connection To DB SQL named testDBForUniversity on SQL server
2016-11-20 13:43:30 ERROR InsertCommands:38 - adding Subject Java programming to DB SQL was itterupt
com.mysql.jdbc.exceptions.jdbc4.MySQLIntegrityConstraintViolationException: Duplicate entry 'Java programming' for key 'subject_name'
	at sun.reflect.NativeConstructorAccessorImpl.newInstance0(Native Method)
	at sun.reflect.NativeConstructorAccessorImpl.newInstance(NativeConstructorAccessorImpl.java:62)
	at sun.reflect.DelegatingConstructorAccessorImpl.newInstance(DelegatingConstructorAccessorImpl.java:45)
	at java.lang.reflect.Constructor.newInstance(Constructor.java:423)
	at com.mysql.jdbc.Util.handleNewInstance(Util.java:389)
	at com.mysql.jdbc.Util.getInstance(Util.java:372)
	at com.mysql.jdbc.SQLError.createSQLException(SQLError.java:973)
	at com.mysql.jdbc.MysqlIO.checkErrorPacket(MysqlIO.java:3835)
	at com.mysql.jdbc.MysqlIO.checkErrorPacket(MysqlIO.java:3771)
	at com.mysql.jdbc.MysqlIO.sendCommand(MysqlIO.java:2435)
	at com.mysql.jdbc.MysqlIO.sqlQueryDirect(MysqlIO.java:2582)
	at com.mysql.jdbc.ConnectionImpl.execSQL(ConnectionImpl.java:2535)
	at com.mysql.jdbc.PreparedStatement.executeInternal(PreparedStatement.java:1911)
	at com.mysql.jdbc.PreparedStatement.execute(PreparedStatement.java:1203)
	at ua.artcode.daoSQL.implementations.InsertCommands.addSubject(InsertCommands.java:33)
	at init.StartInitDB.initTables(StartInitDB.java:31)
	at init.TestLogger.main(TestLogger.java:28)
	at sun.reflect.NativeMethodAccessorImpl.invoke0(Native Method)
	at sun.reflect.NativeMethodAccessorImpl.invoke(NativeMethodAccessorImpl.java:62)
	at sun.reflect.DelegatingMethodAccessorImpl.invoke(DelegatingMethodAccessorImpl.java:43)
	at java.lang.reflect.Method.invoke(Method.java:498)
	at com.intellij.rt.execution.application.AppMain.main(AppMain.java:147)
2016-11-20 13:43:30 INFO  InsertCommands:27 - adding Subject Phisics to DB SQL
2016-11-20 13:43:30 INFO  ConnectionFactory:36 - getting Connection To DB SQL named testDBForUniversity on SQL server
2016-11-20 13:43:30 INFO  ConnectionFactory:39 - getting driver to Connection To DB SQL named testDBForUniversity on SQL server
2016-11-20 13:43:30 ERROR InsertCommands:38 - adding Subject Phisics to DB SQL was itterupt
com.mysql.jdbc.exceptions.jdbc4.MySQLIntegrityConstraintViolationException: Duplicate entry 'Phisics' for key 'subject_name'
	at sun.reflect.NativeConstructorAccessorImpl.newInstance0(Native Method)
	at sun.reflect.NativeConstructorAccessorImpl.newInstance(NativeConstructorAccessorImpl.java:62)
	at sun.reflect.DelegatingConstructorAccessorImpl.newInstance(DelegatingConstructorAccessorImpl.java:45)
	at java.lang.reflect.Constructor.newInstance(Constructor.java:423)
	at com.mysql.jdbc.Util.handleNewInstance(Util.java:389)
	at com.mysql.jdbc.Util.getInstance(Util.java:372)
	at com.mysql.jdbc.SQLError.createSQLException(SQLError.java:973)
	at com.mysql.jdbc.MysqlIO.checkErrorPacket(MysqlIO.java:3835)
	at com.mysql.jdbc.MysqlIO.checkErrorPacket(MysqlIO.java:3771)
	at com.mysql.jdbc.MysqlIO.sendCommand(MysqlIO.java:2435)
	at com.mysql.jdbc.MysqlIO.sqlQueryDirect(MysqlIO.java:2582)
	at com.mysql.jdbc.ConnectionImpl.execSQL(ConnectionImpl.java:2535)
	at com.mysql.jdbc.PreparedStatement.executeInternal(PreparedStatement.java:1911)
	at com.mysql.jdbc.PreparedStatement.execute(PreparedStatement.java:1203)
	at ua.artcode.daoSQL.implementations.InsertCommands.addSubject(InsertCommands.java:33)
	at init.StartInitDB.initTables(StartInitDB.java:31)
	at init.TestLogger.main(TestLogger.java:28)
	at sun.reflect.NativeMethodAccessorImpl.invoke0(Native Method)
	at sun.reflect.NativeMethodAccessorImpl.invoke(NativeMethodAccessorImpl.java:62)
	at sun.reflect.DelegatingMethodAccessorImpl.invoke(DelegatingMethodAccessorImpl.java:43)
	at java.lang.reflect.Method.invoke(Method.java:498)
	at com.intellij.rt.execution.application.AppMain.main(AppMain.java:147)
2016-11-20 13:43:30 INFO  InsertCommands:27 - adding Subject Philologia to DB SQL
2016-11-20 13:43:30 INFO  ConnectionFactory:36 - getting Connection To DB SQL named testDBForUniversity on SQL server
2016-11-20 13:43:30 INFO  ConnectionFactory:39 - getting driver to Connection To DB SQL named testDBForUniversity on SQL server
2016-11-20 13:43:30 ERROR InsertCommands:38 - adding Subject Philologia to DB SQL was itterupt
com.mysql.jdbc.exceptions.jdbc4.MySQLIntegrityConstraintViolationException: Duplicate entry 'Philologia' for key 'subject_name'
	at sun.reflect.NativeConstructorAccessorImpl.newInstance0(Native Method)
	at sun.reflect.NativeConstructorAccessorImpl.newInstance(NativeConstructorAccessorImpl.java:62)
	at sun.reflect.DelegatingConstructorAccessorImpl.newInstance(DelegatingConstructorAccessorImpl.java:45)
	at java.lang.reflect.Constructor.newInstance(Constructor.java:423)
	at com.mysql.jdbc.Util.handleNewInstance(Util.java:389)
	at com.mysql.jdbc.Util.getInstance(Util.java:372)
	at com.mysql.jdbc.SQLError.createSQLException(SQLError.java:973)
	at com.mysql.jdbc.MysqlIO.checkErrorPacket(MysqlIO.java:3835)
	at com.mysql.jdbc.MysqlIO.checkErrorPacket(MysqlIO.java:3771)
	at com.mysql.jdbc.MysqlIO.sendCommand(MysqlIO.java:2435)
	at com.mysql.jdbc.MysqlIO.sqlQueryDirect(MysqlIO.java:2582)
	at com.mysql.jdbc.ConnectionImpl.execSQL(ConnectionImpl.java:2535)
	at com.mysql.jdbc.PreparedStatement.executeInternal(PreparedStatement.java:1911)
	at com.mysql.jdbc.PreparedStatement.execute(PreparedStatement.java:1203)
	at ua.artcode.daoSQL.implementations.InsertCommands.addSubject(InsertCommands.java:33)
	at init.StartInitDB.initTables(StartInitDB.java:31)
	at init.TestLogger.main(TestLogger.java:28)
	at sun.reflect.NativeMethodAccessorImpl.invoke0(Native Method)
	at sun.reflect.NativeMethodAccessorImpl.invoke(NativeMethodAccessorImpl.java:62)
	at sun.reflect.DelegatingMethodAccessorImpl.invoke(DelegatingMethodAccessorImpl.java:43)
	at java.lang.reflect.Method.invoke(Method.java:498)
	at com.intellij.rt.execution.application.AppMain.main(AppMain.java:147)
2016-11-20 13:43:30 INFO  InsertCommands:27 - adding Subject Economics to DB SQL
2016-11-20 13:43:30 INFO  ConnectionFactory:36 - getting Connection To DB SQL named testDBForUniversity on SQL server
2016-11-20 13:43:30 INFO  ConnectionFactory:39 - getting driver to Connection To DB SQL named testDBForUniversity on SQL server
2016-11-20 13:43:30 ERROR InsertCommands:38 - adding Subject Economics to DB SQL was itterupt
com.mysql.jdbc.exceptions.jdbc4.MySQLIntegrityConstraintViolationException: Duplicate entry 'Economics' for key 'subject_name'
	at sun.reflect.NativeConstructorAccessorImpl.newInstance0(Native Method)
	at sun.reflect.NativeConstructorAccessorImpl.newInstance(NativeConstructorAccessorImpl.java:62)
	at sun.reflect.DelegatingConstructorAccessorImpl.newInstance(DelegatingConstructorAccessorImpl.java:45)
	at java.lang.reflect.Constructor.newInstance(Constructor.java:423)
	at com.mysql.jdbc.Util.handleNewInstance(Util.java:389)
	at com.mysql.jdbc.Util.getInstance(Util.java:372)
	at com.mysql.jdbc.SQLError.createSQLException(SQLError.java:973)
	at com.mysql.jdbc.MysqlIO.checkErrorPacket(MysqlIO.java:3835)
	at com.mysql.jdbc.MysqlIO.checkErrorPacket(MysqlIO.java:3771)
	at com.mysql.jdbc.MysqlIO.sendCommand(MysqlIO.java:2435)
	at com.mysql.jdbc.MysqlIO.sqlQueryDirect(MysqlIO.java:2582)
	at com.mysql.jdbc.ConnectionImpl.execSQL(ConnectionImpl.java:2535)
	at com.mysql.jdbc.PreparedStatement.executeInternal(PreparedStatement.java:1911)
	at com.mysql.jdbc.PreparedStatement.execute(PreparedStatement.java:1203)
	at ua.artcode.daoSQL.implementations.InsertCommands.addSubject(InsertCommands.java:33)
	at init.StartInitDB.initTables(StartInitDB.java:31)
	at init.TestLogger.main(TestLogger.java:28)
	at sun.reflect.NativeMethodAccessorImpl.invoke0(Native Method)
	at sun.reflect.NativeMethodAccessorImpl.invoke(NativeMethodAccessorImpl.java:62)
	at sun.reflect.DelegatingMethodAccessorImpl.invoke(DelegatingMethodAccessorImpl.java:43)
	at java.lang.reflect.Method.invoke(Method.java:498)
	at com.intellij.rt.execution.application.AppMain.main(AppMain.java:147)
2016-11-20 13:43:30 INFO  InsertCommands:27 - adding Subject Philosophy to DB SQL
2016-11-20 13:43:30 INFO  ConnectionFactory:36 - getting Connection To DB SQL named testDBForUniversity on SQL server
2016-11-20 13:43:30 INFO  ConnectionFactory:39 - getting driver to Connection To DB SQL named testDBForUniversity on SQL server
2016-11-20 13:43:30 ERROR InsertCommands:38 - adding Subject Philosophy to DB SQL was itterupt
com.mysql.jdbc.exceptions.jdbc4.MySQLIntegrityConstraintViolationException: Duplicate entry 'Philosophy' for key 'subject_name'
	at sun.reflect.NativeConstructorAccessorImpl.newInstance0(Native Method)
	at sun.reflect.NativeConstructorAccessorImpl.newInstance(NativeConstructorAccessorImpl.java:62)
	at sun.reflect.DelegatingConstructorAccessorImpl.newInstance(DelegatingConstructorAccessorImpl.java:45)
	at java.lang.reflect.Constructor.newInstance(Constructor.java:423)
	at com.mysql.jdbc.Util.handleNewInstance(Util.java:389)
	at com.mysql.jdbc.Util.getInstance(Util.java:372)
	at com.mysql.jdbc.SQLError.createSQLException(SQLError.java:973)
	at com.mysql.jdbc.MysqlIO.checkErrorPacket(MysqlIO.java:3835)
	at com.mysql.jdbc.MysqlIO.checkErrorPacket(MysqlIO.java:3771)
	at com.mysql.jdbc.MysqlIO.sendCommand(MysqlIO.java:2435)
	at com.mysql.jdbc.MysqlIO.sqlQueryDirect(MysqlIO.java:2582)
	at com.mysql.jdbc.ConnectionImpl.execSQL(ConnectionImpl.java:2535)
	at com.mysql.jdbc.PreparedStatement.executeInternal(PreparedStatement.java:1911)
	at com.mysql.jdbc.PreparedStatement.execute(PreparedStatement.java:1203)
	at ua.artcode.daoSQL.implementations.InsertCommands.addSubject(InsertCommands.java:33)
	at init.StartInitDB.initTables(StartInitDB.java:31)
	at init.TestLogger.main(TestLogger.java:28)
	at sun.reflect.NativeMethodAccessorImpl.invoke0(Native Method)
	at sun.reflect.NativeMethodAccessorImpl.invoke(NativeMethodAccessorImpl.java:62)
	at sun.reflect.DelegatingMethodAccessorImpl.invoke(DelegatingMethodAccessorImpl.java:43)
	at java.lang.reflect.Method.invoke(Method.java:498)
	at com.intellij.rt.execution.application.AppMain.main(AppMain.java:147)
2016-11-20 13:43:30 INFO  InsertCommands:27 - adding Subject Music to DB SQL
2016-11-20 13:43:30 INFO  ConnectionFactory:36 - getting Connection To DB SQL named testDBForUniversity on SQL server
2016-11-20 13:43:30 INFO  ConnectionFactory:39 - getting driver to Connection To DB SQL named testDBForUniversity on SQL server
2016-11-20 13:43:30 ERROR InsertCommands:38 - adding Subject Music to DB SQL was itterupt
com.mysql.jdbc.exceptions.jdbc4.MySQLIntegrityConstraintViolationException: Duplicate entry 'Music' for key 'subject_name'
	at sun.reflect.NativeConstructorAccessorImpl.newInstance0(Native Method)
	at sun.reflect.NativeConstructorAccessorImpl.newInstance(NativeConstructorAccessorImpl.java:62)
	at sun.reflect.DelegatingConstructorAccessorImpl.newInstance(DelegatingConstructorAccessorImpl.java:45)
	at java.lang.reflect.Constructor.newInstance(Constructor.java:423)
	at com.mysql.jdbc.Util.handleNewInstance(Util.java:389)
	at com.mysql.jdbc.Util.getInstance(Util.java:372)
	at com.mysql.jdbc.SQLError.createSQLException(SQLError.java:973)
	at com.mysql.jdbc.MysqlIO.checkErrorPacket(MysqlIO.java:3835)
	at com.mysql.jdbc.MysqlIO.checkErrorPacket(MysqlIO.java:3771)
	at com.mysql.jdbc.MysqlIO.sendCommand(MysqlIO.java:2435)
	at com.mysql.jdbc.MysqlIO.sqlQueryDirect(MysqlIO.java:2582)
	at com.mysql.jdbc.ConnectionImpl.execSQL(ConnectionImpl.java:2535)
	at com.mysql.jdbc.PreparedStatement.executeInternal(PreparedStatement.java:1911)
	at com.mysql.jdbc.PreparedStatement.execute(PreparedStatement.java:1203)
	at ua.artcode.daoSQL.implementations.InsertCommands.addSubject(InsertCommands.java:33)
	at init.StartInitDB.initTables(StartInitDB.java:31)
	at init.TestLogger.main(TestLogger.java:28)
	at sun.reflect.NativeMethodAccessorImpl.invoke0(Native Method)
	at sun.reflect.NativeMethodAccessorImpl.invoke(NativeMethodAccessorImpl.java:62)
	at sun.reflect.DelegatingMethodAccessorImpl.invoke(DelegatingMethodAccessorImpl.java:43)
	at java.lang.reflect.Method.invoke(Method.java:498)
	at com.intellij.rt.execution.application.AppMain.main(AppMain.java:147)
2016-11-20 13:43:30 INFO  InsertCommands:27 - adding Subject Statistics to DB SQL
2016-11-20 13:43:30 INFO  ConnectionFactory:36 - getting Connection To DB SQL named testDBForUniversity on SQL server
2016-11-20 13:43:30 INFO  ConnectionFactory:39 - getting driver to Connection To DB SQL named testDBForUniversity on SQL server
2016-11-20 13:43:30 ERROR InsertCommands:38 - adding Subject Statistics to DB SQL was itterupt
com.mysql.jdbc.exceptions.jdbc4.MySQLIntegrityConstraintViolationException: Duplicate entry 'Statistics' for key 'subject_name'
	at sun.reflect.NativeConstructorAccessorImpl.newInstance0(Native Method)
	at sun.reflect.NativeConstructorAccessorImpl.newInstance(NativeConstructorAccessorImpl.java:62)
	at sun.reflect.DelegatingConstructorAccessorImpl.newInstance(DelegatingConstructorAccessorImpl.java:45)
	at java.lang.reflect.Constructor.newInstance(Constructor.java:423)
	at com.mysql.jdbc.Util.handleNewInstance(Util.java:389)
	at com.mysql.jdbc.Util.getInstance(Util.java:372)
	at com.mysql.jdbc.SQLError.createSQLException(SQLError.java:973)
	at com.mysql.jdbc.MysqlIO.checkErrorPacket(MysqlIO.java:3835)
	at com.mysql.jdbc.MysqlIO.checkErrorPacket(MysqlIO.java:3771)
	at com.mysql.jdbc.MysqlIO.sendCommand(MysqlIO.java:2435)
	at com.mysql.jdbc.MysqlIO.sqlQueryDirect(MysqlIO.java:2582)
	at com.mysql.jdbc.ConnectionImpl.execSQL(ConnectionImpl.java:2535)
	at com.mysql.jdbc.PreparedStatement.executeInternal(PreparedStatement.java:1911)
	at com.mysql.jdbc.PreparedStatement.execute(PreparedStatement.java:1203)
	at ua.artcode.daoSQL.implementations.InsertCommands.addSubject(InsertCommands.java:33)
	at init.StartInitDB.initTables(StartInitDB.java:31)
	at init.TestLogger.main(TestLogger.java:28)
	at sun.reflect.NativeMethodAccessorImpl.invoke0(Native Method)
	at sun.reflect.NativeMethodAccessorImpl.invoke(NativeMethodAccessorImpl.java:62)
	at sun.reflect.DelegatingMethodAccessorImpl.invoke(DelegatingMethodAccessorImpl.java:43)
	at java.lang.reflect.Method.invoke(Method.java:498)
	at com.intellij.rt.execution.application.AppMain.main(AppMain.java:147)
2016-11-20 13:43:30 INFO  InsertCommands:65 - adding Teacher Aleksandr Kuchma to DB SQL
2016-11-20 13:43:30 INFO  ConnectionFactory:36 - getting Connection To DB SQL named testDBForUniversity on SQL server
2016-11-20 13:43:30 INFO  ConnectionFactory:39 - getting driver to Connection To DB SQL named testDBForUniversity on SQL server
2016-11-20 13:43:30 INFO  InsertCommands:73 - Teacher Aleksandr Kuchmawas add to DB SQL
2016-11-20 13:43:30 INFO  InsertCommands:65 - adding Teacher Igor Yanukovich to DB SQL
2016-11-20 13:43:30 INFO  ConnectionFactory:36 - getting Connection To DB SQL named testDBForUniversity on SQL server
2016-11-20 13:43:30 INFO  ConnectionFactory:39 - getting driver to Connection To DB SQL named testDBForUniversity on SQL server
2016-11-20 13:43:30 INFO  InsertCommands:73 - Teacher Igor Yanukovichwas add to DB SQL
2016-11-20 13:43:30 INFO  InsertCommands:65 - adding Teacher Antonina Zelenskiy to DB SQL
2016-11-20 13:43:30 INFO  ConnectionFactory:36 - getting Connection To DB SQL named testDBForUniversity on SQL server
2016-11-20 13:43:30 INFO  ConnectionFactory:39 - getting driver to Connection To DB SQL named testDBForUniversity on SQL server
2016-11-20 13:43:30 INFO  InsertCommands:73 - Teacher Antonina Zelenskiywas add to DB SQL
2016-11-20 13:43:30 INFO  InsertCommands:65 - adding Teacher Antonina Hmelnizkiy to DB SQL
2016-11-20 13:43:30 INFO  ConnectionFactory:36 - getting Connection To DB SQL named testDBForUniversity on SQL server
2016-11-20 13:43:30 INFO  ConnectionFactory:39 - getting driver to Connection To DB SQL named testDBForUniversity on SQL server
2016-11-20 13:43:30 INFO  InsertCommands:73 - Teacher Antonina Hmelnizkiywas add to DB SQL
2016-11-20 13:43:30 INFO  InsertCommands:65 - adding Teacher Igor Kernes to DB SQL
2016-11-20 13:43:30 INFO  ConnectionFactory:36 - getting Connection To DB SQL named testDBForUniversity on SQL server
2016-11-20 13:43:30 INFO  ConnectionFactory:39 - getting driver to Connection To DB SQL named testDBForUniversity on SQL server
2016-11-20 13:43:30 INFO  InsertCommands:73 - Teacher Igor Kerneswas add to DB SQL
2016-11-20 13:43:30 INFO  InsertCommands:65 - adding Teacher Pavel Kernes to DB SQL
2016-11-20 13:43:30 INFO  ConnectionFactory:36 - getting Connection To DB SQL named testDBForUniversity on SQL server
2016-11-20 13:43:30 INFO  ConnectionFactory:39 - getting driver to Connection To DB SQL named testDBForUniversity on SQL server
2016-11-20 13:43:30 INFO  InsertCommands:73 - Teacher Pavel Kerneswas add to DB SQL
2016-11-20 13:43:30 INFO  InsertCommands:65 - adding Teacher Vladislav Aksenov to DB SQL
2016-11-20 13:43:30 INFO  ConnectionFactory:36 - getting Connection To DB SQL named testDBForUniversity on SQL server
2016-11-20 13:43:30 INFO  ConnectionFactory:39 - getting driver to Connection To DB SQL named testDBForUniversity on SQL server
2016-11-20 13:43:30 INFO  InsertCommands:73 - Teacher Vladislav Aksenovwas add to DB SQL
2016-11-20 13:43:30 INFO  InsertCommands:65 - adding Teacher Antonina Kuchma to DB SQL
2016-11-20 13:43:30 INFO  ConnectionFactory:36 - getting Connection To DB SQL named testDBForUniversity on SQL server
2016-11-20 13:43:30 INFO  ConnectionFactory:39 - getting driver to Connection To DB SQL named testDBForUniversity on SQL server
2016-11-20 13:43:30 INFO  InsertCommands:73 - Teacher Antonina Kuchmawas add to DB SQL
2016-11-20 13:43:30 INFO  InsertCommands:65 - adding Teacher Vladimir Moskal to DB SQL
2016-11-20 13:43:30 INFO  ConnectionFactory:36 - getting Connection To DB SQL named testDBForUniversity on SQL server
2016-11-20 13:43:30 INFO  ConnectionFactory:39 - getting driver to Connection To DB SQL named testDBForUniversity on SQL server
2016-11-20 13:43:30 INFO  InsertCommands:73 - Teacher Vladimir Moskalwas add to DB SQL
2016-11-20 13:43:30 INFO  InsertCommands:65 - adding Teacher Irina Kuchma to DB SQL
2016-11-20 13:43:30 INFO  ConnectionFactory:36 - getting Connection To DB SQL named testDBForUniversity on SQL server
2016-11-20 13:43:30 INFO  ConnectionFactory:39 - getting driver to Connection To DB SQL named testDBForUniversity on SQL server
2016-11-20 13:43:30 INFO  InsertCommands:73 - Teacher Irina Kuchmawas add to DB SQL
2016-11-20 13:43:30 INFO  InsertCommands:87 - adding Student Ulyana Poroshenko to DB SQL
2016-11-20 13:43:30 INFO  ConnectionFactory:36 - getting Connection To DB SQL named testDBForUniversity on SQL server
2016-11-20 13:43:30 INFO  ConnectionFactory:39 - getting driver to Connection To DB SQL named testDBForUniversity on SQL server
2016-11-20 13:43:30 INFO  InsertCommands:93 - Student Ulyana Poroshenkowas add to DB SQL
2016-11-20 13:43:30 INFO  InsertCommands:87 - adding Student Elena Galkin to DB SQL
2016-11-20 13:43:30 INFO  ConnectionFactory:36 - getting Connection To DB SQL named testDBForUniversity on SQL server
2016-11-20 13:43:30 INFO  ConnectionFactory:39 - getting driver to Connection To DB SQL named testDBForUniversity on SQL server
2016-11-20 13:43:30 INFO  InsertCommands:93 - Student Elena Galkinwas add to DB SQL
2016-11-20 13:43:30 INFO  InsertCommands:87 - adding Student Hanna Poroshenko to DB SQL
2016-11-20 13:43:30 INFO  ConnectionFactory:36 - getting Connection To DB SQL named testDBForUniversity on SQL server
2016-11-20 13:43:30 INFO  ConnectionFactory:39 - getting driver to Connection To DB SQL named testDBForUniversity on SQL server
2016-11-20 13:43:30 INFO  InsertCommands:93 - Student Hanna Poroshenkowas add to DB SQL
2016-11-20 13:43:30 INFO  InsertCommands:87 - adding Student Ulyana Kernes to DB SQL
2016-11-20 13:43:30 INFO  ConnectionFactory:36 - getting Connection To DB SQL named testDBForUniversity on SQL server
2016-11-20 13:43:30 INFO  ConnectionFactory:39 - getting driver to Connection To DB SQL named testDBForUniversity on SQL server
2016-11-20 13:43:30 INFO  InsertCommands:93 - Student Ulyana Kerneswas add to DB SQL
2016-11-20 13:43:30 INFO  InsertCommands:87 - adding Student Igor Kirkorov to DB SQL
2016-11-20 13:43:30 INFO  ConnectionFactory:36 - getting Connection To DB SQL named testDBForUniversity on SQL server
2016-11-20 13:43:30 INFO  ConnectionFactory:39 - getting driver to Connection To DB SQL named testDBForUniversity on SQL server
2016-11-20 13:43:31 INFO  InsertCommands:93 - Student Igor Kirkorovwas add to DB SQL
2016-11-20 13:43:31 INFO  InsertCommands:87 - adding Student Stepan Yanukovich to DB SQL
2016-11-20 13:43:31 INFO  ConnectionFactory:36 - getting Connection To DB SQL named testDBForUniversity on SQL server
2016-11-20 13:43:31 INFO  ConnectionFactory:39 - getting driver to Connection To DB SQL named testDBForUniversity on SQL server
2016-11-20 13:43:31 INFO  InsertCommands:93 - Student Stepan Yanukovichwas add to DB SQL
2016-11-20 13:43:31 INFO  InsertCommands:87 - adding Student Antonina Moskal to DB SQL
2016-11-20 13:43:31 INFO  ConnectionFactory:36 - getting Connection To DB SQL named testDBForUniversity on SQL server
2016-11-20 13:43:31 INFO  ConnectionFactory:39 - getting driver to Connection To DB SQL named testDBForUniversity on SQL server
2016-11-20 13:43:31 ERROR InsertCommands:97 - adding Student Antonina Moskal to DB SQL was itterupt
com.mysql.jdbc.exceptions.jdbc4.MySQLIntegrityConstraintViolationException: Duplicate entry 'Antonina Moskal' for key 'student_name'
	at sun.reflect.NativeConstructorAccessorImpl.newInstance0(Native Method)
	at sun.reflect.NativeConstructorAccessorImpl.newInstance(NativeConstructorAccessorImpl.java:62)
	at sun.reflect.DelegatingConstructorAccessorImpl.newInstance(DelegatingConstructorAccessorImpl.java:45)
	at java.lang.reflect.Constructor.newInstance(Constructor.java:423)
	at com.mysql.jdbc.Util.handleNewInstance(Util.java:389)
	at com.mysql.jdbc.Util.getInstance(Util.java:372)
	at com.mysql.jdbc.SQLError.createSQLException(SQLError.java:973)
	at com.mysql.jdbc.MysqlIO.checkErrorPacket(MysqlIO.java:3835)
	at com.mysql.jdbc.MysqlIO.checkErrorPacket(MysqlIO.java:3771)
	at com.mysql.jdbc.MysqlIO.sendCommand(MysqlIO.java:2435)
	at com.mysql.jdbc.MysqlIO.sqlQueryDirect(MysqlIO.java:2582)
	at com.mysql.jdbc.ConnectionImpl.execSQL(ConnectionImpl.java:2535)
	at com.mysql.jdbc.PreparedStatement.executeInternal(PreparedStatement.java:1911)
	at com.mysql.jdbc.PreparedStatement.execute(PreparedStatement.java:1203)
	at ua.artcode.daoSQL.implementations.InsertCommands.addStudent(InsertCommands.java:92)
	at init.StartInitDB.initTables(StartInitDB.java:39)
	at init.TestLogger.main(TestLogger.java:28)
	at sun.reflect.NativeMethodAccessorImpl.invoke0(Native Method)
	at sun.reflect.NativeMethodAccessorImpl.invoke(NativeMethodAccessorImpl.java:62)
	at sun.reflect.DelegatingMethodAccessorImpl.invoke(DelegatingMethodAccessorImpl.java:43)
	at java.lang.reflect.Method.invoke(Method.java:498)
	at com.intellij.rt.execution.application.AppMain.main(AppMain.java:147)
2016-11-20 13:43:31 INFO  InsertCommands:87 - adding Student Yuliya Aksenov to DB SQL
2016-11-20 13:43:31 INFO  ConnectionFactory:36 - getting Connection To DB SQL named testDBForUniversity on SQL server
2016-11-20 13:43:31 INFO  ConnectionFactory:39 - getting driver to Connection To DB SQL named testDBForUniversity on SQL server
2016-11-20 13:43:31 INFO  InsertCommands:93 - Student Yuliya Aksenovwas add to DB SQL
2016-11-20 13:43:31 INFO  InsertCommands:87 - adding Student Gennadiy Timoshenko to DB SQL
2016-11-20 13:43:31 INFO  ConnectionFactory:36 - getting Connection To DB SQL named testDBForUniversity on SQL server
2016-11-20 13:43:31 INFO  ConnectionFactory:39 - getting driver to Connection To DB SQL named testDBForUniversity on SQL server
2016-11-20 13:43:31 INFO  InsertCommands:93 - Student Gennadiy Timoshenkowas add to DB SQL
2016-11-20 13:43:31 INFO  InsertCommands:87 - adding Student Vladimir Poroshenko to DB SQL
2016-11-20 13:43:31 INFO  ConnectionFactory:36 - getting Connection To DB SQL named testDBForUniversity on SQL server
2016-11-20 13:43:31 INFO  ConnectionFactory:39 - getting driver to Connection To DB SQL named testDBForUniversity on SQL server
2016-11-20 13:43:31 INFO  InsertCommands:93 - Student Vladimir Poroshenkowas add to DB SQL
2016-11-20 13:43:31 INFO  InsertCommands:87 - adding Student Gennadiy Kernes to DB SQL
2016-11-20 13:43:31 INFO  ConnectionFactory:36 - getting Connection To DB SQL named testDBForUniversity on SQL server
2016-11-20 13:43:31 INFO  ConnectionFactory:39 - getting driver to Connection To DB SQL named testDBForUniversity on SQL server
2016-11-20 13:43:31 INFO  InsertCommands:93 - Student Gennadiy Kerneswas add to DB SQL
2016-11-20 13:43:31 INFO  InsertCommands:87 - adding Student Sergey Koshevoy to DB SQL
2016-11-20 13:43:31 INFO  ConnectionFactory:36 - getting Connection To DB SQL named testDBForUniversity on SQL server
2016-11-20 13:43:31 INFO  ConnectionFactory:39 - getting driver to Connection To DB SQL named testDBForUniversity on SQL server
2016-11-20 13:43:31 INFO  InsertCommands:93 - Student Sergey Koshevoywas add to DB SQL
2016-11-20 13:43:31 INFO  InsertCommands:87 - adding Student Pavel Timoshenko to DB SQL
2016-11-20 13:43:31 INFO  ConnectionFactory:36 - getting Connection To DB SQL named testDBForUniversity on SQL server
2016-11-20 13:43:31 INFO  ConnectionFactory:39 - getting driver to Connection To DB SQL named testDBForUniversity on SQL server
2016-11-20 13:43:31 INFO  InsertCommands:93 - Student Pavel Timoshenkowas add to DB SQL
2016-11-20 13:43:31 INFO  InsertCommands:87 - adding Student Antonina Moskal to DB SQL
2016-11-20 13:43:31 INFO  ConnectionFactory:36 - getting Connection To DB SQL named testDBForUniversity on SQL server
2016-11-20 13:43:31 INFO  ConnectionFactory:39 - getting driver to Connection To DB SQL named testDBForUniversity on SQL server
2016-11-20 13:43:31 ERROR InsertCommands:97 - adding Student Antonina Moskal to DB SQL was itterupt
com.mysql.jdbc.exceptions.jdbc4.MySQLIntegrityConstraintViolationException: Duplicate entry 'Antonina Moskal' for key 'student_name'
	at sun.reflect.NativeConstructorAccessorImpl.newInstance0(Native Method)
	at sun.reflect.NativeConstructorAccessorImpl.newInstance(NativeConstructorAccessorImpl.java:62)
	at sun.reflect.DelegatingConstructorAccessorImpl.newInstance(DelegatingConstructorAccessorImpl.java:45)
	at java.lang.reflect.Constructor.newInstance(Constructor.java:423)
	at com.mysql.jdbc.Util.handleNewInstance(Util.java:389)
	at com.mysql.jdbc.Util.getInstance(Util.java:372)
	at com.mysql.jdbc.SQLError.createSQLException(SQLError.java:973)
	at com.mysql.jdbc.MysqlIO.checkErrorPacket(MysqlIO.java:3835)
	at com.mysql.jdbc.MysqlIO.checkErrorPacket(MysqlIO.java:3771)
	at com.mysql.jdbc.MysqlIO.sendCommand(MysqlIO.java:2435)
	at com.mysql.jdbc.MysqlIO.sqlQueryDirect(MysqlIO.java:2582)
	at com.mysql.jdbc.ConnectionImpl.execSQL(ConnectionImpl.java:2535)
	at com.mysql.jdbc.PreparedStatement.executeInternal(PreparedStatement.java:1911)
	at com.mysql.jdbc.PreparedStatement.execute(PreparedStatement.java:1203)
	at ua.artcode.daoSQL.implementations.InsertCommands.addStudent(InsertCommands.java:92)
	at init.StartInitDB.initTables(StartInitDB.java:39)
	at init.TestLogger.main(TestLogger.java:28)
	at sun.reflect.NativeMethodAccessorImpl.invoke0(Native Method)
	at sun.reflect.NativeMethodAccessorImpl.invoke(NativeMethodAccessorImpl.java:62)
	at sun.reflect.DelegatingMethodAccessorImpl.invoke(DelegatingMethodAccessorImpl.java:43)
	at java.lang.reflect.Method.invoke(Method.java:498)
	at com.intellij.rt.execution.application.AppMain.main(AppMain.java:147)
2016-11-20 13:43:31 INFO  InsertCommands:87 - adding Student Ivan Avakov to DB SQL
2016-11-20 13:43:31 INFO  ConnectionFactory:36 - getting Connection To DB SQL named testDBForUniversity on SQL server
2016-11-20 13:43:31 INFO  ConnectionFactory:39 - getting driver to Connection To DB SQL named testDBForUniversity on SQL server
2016-11-20 13:43:31 INFO  InsertCommands:93 - Student Ivan Avakovwas add to DB SQL
2016-11-20 13:43:31 INFO  InsertCommands:87 - adding Student Sergey Poroshenko to DB SQL
2016-11-20 13:43:31 INFO  ConnectionFactory:36 - getting Connection To DB SQL named testDBForUniversity on SQL server
2016-11-20 13:43:31 INFO  ConnectionFactory:39 - getting driver to Connection To DB SQL named testDBForUniversity on SQL server
2016-11-20 13:43:31 INFO  InsertCommands:93 - Student Sergey Poroshenkowas add to DB SQL
2016-11-20 13:43:31 INFO  InsertCommands:87 - adding Student Artur Poroshenko to DB SQL
2016-11-20 13:43:31 INFO  ConnectionFactory:36 - getting Connection To DB SQL named testDBForUniversity on SQL server
2016-11-20 13:43:31 INFO  ConnectionFactory:39 - getting driver to Connection To DB SQL named testDBForUniversity on SQL server
2016-11-20 13:43:31 INFO  InsertCommands:93 - Student Artur Poroshenkowas add to DB SQL
2016-11-20 13:43:31 INFO  InsertCommands:87 - adding Student Yuliya Zhirinovskiy to DB SQL
2016-11-20 13:43:31 INFO  ConnectionFactory:36 - getting Connection To DB SQL named testDBForUniversity on SQL server
2016-11-20 13:43:31 INFO  ConnectionFactory:39 - getting driver to Connection To DB SQL named testDBForUniversity on SQL server
2016-11-20 13:43:31 INFO  InsertCommands:93 - Student Yuliya Zhirinovskiywas add to DB SQL
2016-11-20 13:43:31 INFO  InsertCommands:87 - adding Student Yuliya Kuchma to DB SQL
2016-11-20 13:43:31 INFO  ConnectionFactory:36 - getting Connection To DB SQL named testDBForUniversity on SQL server
2016-11-20 13:43:31 INFO  ConnectionFactory:39 - getting driver to Connection To DB SQL named testDBForUniversity on SQL server
2016-11-20 13:43:31 INFO  InsertCommands:93 - Student Yuliya Kuchmawas add to DB SQL
2016-11-20 13:43:31 INFO  InsertCommands:87 - adding Student Pavel Zelenskiy to DB SQL
2016-11-20 13:43:31 INFO  ConnectionFactory:36 - getting Connection To DB SQL named testDBForUniversity on SQL server
2016-11-20 13:43:31 INFO  ConnectionFactory:39 - getting driver to Connection To DB SQL named testDBForUniversity on SQL server
2016-11-20 13:43:31 INFO  InsertCommands:93 - Student Pavel Zelenskiywas add to DB SQL
2016-11-20 13:43:31 INFO  UpDateCommands:25 - update Student by id 0 to Group by id 1
2016-11-20 13:43:31 INFO  ConnectionFactory:36 - getting Connection To DB SQL named testDBForUniversity on SQL server
2016-11-20 13:43:31 INFO  ConnectionFactory:39 - getting driver to Connection To DB SQL named testDBForUniversity on SQL server
2016-11-20 13:43:31 INFO  UpDateCommands:32 - Student by id 0 to Group by id 1 was update
2016-11-20 13:43:31 INFO  UpDateCommands:25 - update Student by id 1 to Group by id 1
2016-11-20 13:43:31 INFO  ConnectionFactory:36 - getting Connection To DB SQL named testDBForUniversity on SQL server
2016-11-20 13:43:31 INFO  ConnectionFactory:39 - getting driver to Connection To DB SQL named testDBForUniversity on SQL server
2016-11-20 13:43:31 INFO  UpDateCommands:32 - Student by id 1 to Group by id 1 was update
2016-11-20 13:43:31 INFO  UpDateCommands:25 - update Student by id 2 to Group by id 1
2016-11-20 13:43:31 INFO  ConnectionFactory:36 - getting Connection To DB SQL named testDBForUniversity on SQL server
2016-11-20 13:43:31 INFO  ConnectionFactory:39 - getting driver to Connection To DB SQL named testDBForUniversity on SQL server
2016-11-20 13:43:31 INFO  UpDateCommands:32 - Student by id 2 to Group by id 1 was update
2016-11-20 13:43:31 INFO  UpDateCommands:25 - update Student by id 3 to Group by id 1
2016-11-20 13:43:31 INFO  ConnectionFactory:36 - getting Connection To DB SQL named testDBForUniversity on SQL server
2016-11-20 13:43:31 INFO  ConnectionFactory:39 - getting driver to Connection To DB SQL named testDBForUniversity on SQL server
2016-11-20 13:43:31 INFO  UpDateCommands:32 - Student by id 3 to Group by id 1 was update
2016-11-20 13:43:31 INFO  UpDateCommands:25 - update Student by id 4 to Group by id 1
2016-11-20 13:43:31 INFO  ConnectionFactory:36 - getting Connection To DB SQL named testDBForUniversity on SQL server
2016-11-20 13:43:31 INFO  ConnectionFactory:39 - getting driver to Connection To DB SQL named testDBForUniversity on SQL server
2016-11-20 13:43:31 INFO  UpDateCommands:32 - Student by id 4 to Group by id 1 was update
2016-11-20 13:43:31 INFO  UpDateCommands:25 - update Student by id 5 to Group by id 1
2016-11-20 13:43:31 INFO  ConnectionFactory:36 - getting Connection To DB SQL named testDBForUniversity on SQL server
2016-11-20 13:43:31 INFO  ConnectionFactory:39 - getting driver to Connection To DB SQL named testDBForUniversity on SQL server
2016-11-20 13:43:31 INFO  UpDateCommands:32 - Student by id 5 to Group by id 1 was update
2016-11-20 13:43:31 INFO  UpDateCommands:25 - update Student by id 6 to Group by id 1
2016-11-20 13:43:31 INFO  ConnectionFactory:36 - getting Connection To DB SQL named testDBForUniversity on SQL server
2016-11-20 13:43:31 INFO  ConnectionFactory:39 - getting driver to Connection To DB SQL named testDBForUniversity on SQL server
2016-11-20 13:43:32 INFO  UpDateCommands:32 - Student by id 6 to Group by id 1 was update
2016-11-20 13:43:32 INFO  UpDateCommands:25 - update Student by id 7 to Group by id 1
2016-11-20 13:43:32 INFO  ConnectionFactory:36 - getting Connection To DB SQL named testDBForUniversity on SQL server
2016-11-20 13:43:32 INFO  ConnectionFactory:39 - getting driver to Connection To DB SQL named testDBForUniversity on SQL server
2016-11-20 13:43:32 INFO  UpDateCommands:32 - Student by id 7 to Group by id 1 was update
2016-11-20 13:43:32 INFO  UpDateCommands:25 - update Student by id 8 to Group by id 3
2016-11-20 13:43:32 INFO  ConnectionFactory:36 - getting Connection To DB SQL named testDBForUniversity on SQL server
2016-11-20 13:43:32 INFO  ConnectionFactory:39 - getting driver to Connection To DB SQL named testDBForUniversity on SQL server
2016-11-20 13:43:32 INFO  UpDateCommands:32 - Student by id 8 to Group by id 3 was update
2016-11-20 13:43:32 INFO  UpDateCommands:25 - update Student by id 9 to Group by id 3
2016-11-20 13:43:32 INFO  ConnectionFactory:36 - getting Connection To DB SQL named testDBForUniversity on SQL server
2016-11-20 13:43:32 INFO  ConnectionFactory:39 - getting driver to Connection To DB SQL named testDBForUniversity on SQL server
2016-11-20 13:43:32 INFO  UpDateCommands:32 - Student by id 9 to Group by id 3 was update
2016-11-20 13:43:32 INFO  UpDateCommands:25 - update Student by id 10 to Group by id 3
2016-11-20 13:43:32 INFO  ConnectionFactory:36 - getting Connection To DB SQL named testDBForUniversity on SQL server
2016-11-20 13:43:32 INFO  ConnectionFactory:39 - getting driver to Connection To DB SQL named testDBForUniversity on SQL server
2016-11-20 13:43:32 INFO  UpDateCommands:32 - Student by id 10 to Group by id 3 was update
2016-11-20 13:43:32 INFO  UpDateCommands:25 - update Student by id 11 to Group by id 3
2016-11-20 13:43:32 INFO  ConnectionFactory:36 - getting Connection To DB SQL named testDBForUniversity on SQL server
2016-11-20 13:43:32 INFO  ConnectionFactory:39 - getting driver to Connection To DB SQL named testDBForUniversity on SQL server
2016-11-20 13:43:32 INFO  UpDateCommands:32 - Student by id 11 to Group by id 3 was update
2016-11-20 13:43:32 INFO  UpDateCommands:25 - update Student by id 12 to Group by id 3
2016-11-20 13:43:32 INFO  ConnectionFactory:36 - getting Connection To DB SQL named testDBForUniversity on SQL server
2016-11-20 13:43:32 INFO  ConnectionFactory:39 - getting driver to Connection To DB SQL named testDBForUniversity on SQL server
2016-11-20 13:43:32 INFO  UpDateCommands:32 - Student by id 12 to Group by id 3 was update
2016-11-20 13:43:32 INFO  UpDateCommands:25 - update Student by id 13 to Group by id 3
2016-11-20 13:43:32 INFO  ConnectionFactory:36 - getting Connection To DB SQL named testDBForUniversity on SQL server
2016-11-20 13:43:32 INFO  ConnectionFactory:39 - getting driver to Connection To DB SQL named testDBForUniversity on SQL server
2016-11-20 13:43:32 INFO  UpDateCommands:32 - Student by id 13 to Group by id 3 was update
2016-11-20 13:43:32 INFO  UpDateCommands:25 - update Student by id 14 to Group by id 4
2016-11-20 13:43:32 INFO  ConnectionFactory:36 - getting Connection To DB SQL named testDBForUniversity on SQL server
2016-11-20 13:43:32 INFO  ConnectionFactory:39 - getting driver to Connection To DB SQL named testDBForUniversity on SQL server
2016-11-20 13:43:32 INFO  UpDateCommands:32 - Student by id 14 to Group by id 4 was update
2016-11-20 13:43:32 INFO  UpDateCommands:25 - update Student by id 15 to Group by id 4
2016-11-20 13:43:32 INFO  ConnectionFactory:36 - getting Connection To DB SQL named testDBForUniversity on SQL server
2016-11-20 13:43:32 INFO  ConnectionFactory:39 - getting driver to Connection To DB SQL named testDBForUniversity on SQL server
2016-11-20 13:43:32 INFO  UpDateCommands:32 - Student by id 15 to Group by id 4 was update
2016-11-20 13:43:32 INFO  UpDateCommands:25 - update Student by id 16 to Group by id 4
2016-11-20 13:43:32 INFO  ConnectionFactory:36 - getting Connection To DB SQL named testDBForUniversity on SQL server
2016-11-20 13:43:32 INFO  ConnectionFactory:39 - getting driver to Connection To DB SQL named testDBForUniversity on SQL server
2016-11-20 13:43:32 INFO  UpDateCommands:32 - Student by id 16 to Group by id 4 was update
2016-11-20 13:43:32 INFO  UpDateCommands:25 - update Student by id 17 to Group by id 4
2016-11-20 13:43:32 INFO  ConnectionFactory:36 - getting Connection To DB SQL named testDBForUniversity on SQL server
2016-11-20 13:43:32 INFO  ConnectionFactory:39 - getting driver to Connection To DB SQL named testDBForUniversity on SQL server
2016-11-20 13:43:32 INFO  UpDateCommands:32 - Student by id 17 to Group by id 4 was update
2016-11-20 13:43:32 INFO  UpDateCommands:25 - update Student by id 18 to Group by id 4
2016-11-20 13:43:32 INFO  ConnectionFactory:36 - getting Connection To DB SQL named testDBForUniversity on SQL server
2016-11-20 13:43:32 INFO  ConnectionFactory:39 - getting driver to Connection To DB SQL named testDBForUniversity on SQL server
2016-11-20 13:43:32 INFO  UpDateCommands:32 - Student by id 18 to Group by id 4 was update
2016-11-20 13:43:32 INFO  UpDateCommands:25 - update Student by id 19 to Group by id 4
2016-11-20 13:43:32 INFO  ConnectionFactory:36 - getting Connection To DB SQL named testDBForUniversity on SQL server
2016-11-20 13:43:32 INFO  ConnectionFactory:39 - getting driver to Connection To DB SQL named testDBForUniversity on SQL server
2016-11-20 13:43:32 INFO  UpDateCommands:32 - Student by id 19 to Group by id 4 was update
2016-11-20 13:43:32 INFO  SelectCommands:55 - getting List of Students By Group from SQL DB
2016-11-20 13:43:32 INFO  ConnectionFactory:36 - getting Connection To DB SQL named testDBForUniversity on SQL server
2016-11-20 13:43:32 INFO  ConnectionFactory:39 - getting driver to Connection To DB SQL named testDBForUniversity on SQL server
2016-11-20 13:43:32 INFO  SelectCommands:74 - List of Students By Group was get from SQL DB
