#
# There is insufficient memory for the Java Runtime Environment to continue.
# Native memory allocation (malloc) failed to allocate 1855968 bytes for Chunk::new
# Possible reasons:
#   The system is out of physical RAM or swap space
#   In 32 bit mode, the process size limit was hit
# Possible solutions:
#   Reduce memory load on the system
#   Increase physical memory or swap space
#   Check if swap backing store is full
#   Use 64 bit Java on a 64 bit OS
#   Decrease Java heap size (-Xmx/-Xms)
#   Decrease number of Java threads
#   Decrease Java thread stack sizes (-Xss)
#   Set larger code cache with -XX:ReservedCodeCacheSize=
# This output file may be truncated or incomplete.
#
#  Out of Memory Error (allocation.cpp:390), pid=2200, tid=6084
#
# JRE version: Java(TM) SE Runtime Environment (8.0_91-b15) (build 1.8.0_91-b15)
# Java VM: Java HotSpot(TM) 64-Bit Server VM (25.91-b15 mixed mode windows-amd64 compressed oops)
# Failed to write core dump. Minidumps are not enabled by default on client versions of Windows
#

---------------  T H R E A D  ---------------

Current thread (0x00000000160db000):  JavaThread "C2 CompilerThread0" daemon [_thread_in_native, id=6084, stack(0x0000000017700000,0x0000000017800000)]

Stack: [0x0000000017700000,0x0000000017800000]
[error occurred during error reporting (printing stack bounds), id 0xc0000005]

Native frames: (J=compiled Java code, j=interpreted, Vv=VM code, C=native code)


Current CompileTask:
C2:   4532 1300   !   4       java.net.URLClassLoader$1::run (63 bytes)


---------------  P R O C E S S  ---------------

Java Threads: ( => current thread )
  0x000000001c022000 JavaThread "Thread-1" [_thread_blocked, id=5796, stack(0x000000001e710000,0x000000001e810000)]
  0x0000000017c9d000 JavaThread "Abandoned connection cleanup thread" daemon [_thread_blocked, id=7116, stack(0x0000000019170000,0x0000000019270000)]
  0x0000000017aab800 JavaThread "Monitor Ctrl-Break" daemon [_thread_in_native, id=6316, stack(0x0000000018070000,0x0000000018170000)]
  0x000000001612e800 JavaThread "Service Thread" daemon [_thread_blocked, id=3672, stack(0x0000000017e00000,0x0000000017f00000)]
  0x00000000160eb000 JavaThread "C1 CompilerThread2" daemon [_thread_blocked, id=8956, stack(0x0000000017900000,0x0000000017a00000)]
  0x00000000160dd000 JavaThread "C2 CompilerThread1" daemon [_thread_in_native, id=7380, stack(0x0000000017800000,0x0000000017900000)]
=>0x00000000160db000 JavaThread "C2 CompilerThread0" daemon [_thread_in_native, id=6084, stack(0x0000000017700000,0x0000000017800000)]
  0x00000000160d9800 JavaThread "Attach Listener" daemon [_thread_blocked, id=9180, stack(0x0000000017600000,0x0000000017700000)]
  0x000000000287d000 JavaThread "Finalizer" daemon [_thread_blocked, id=3136, stack(0x0000000017320000,0x0000000017420000)]
  0x0000000016099000 JavaThread "Reference Handler" daemon [_thread_blocked, id=5380, stack(0x0000000017220000,0x0000000017320000)]
  0x0000000002782800 JavaThread "main" [_thread_blocked, id=3744, stack(0x0000000002680000,0x0000000002780000)]

Other Threads:
  0x0000000016097000 VMThread [stack: 0x0000000017120000,0x0000000017220000] [id=1704]

VM state:at safepoint (normal execution)

VM Mutex/Monitor currently owned by a thread:  ([mutex/lock_event])
[0x0000000000eada20] Threads_lock - owner thread: 0x0000000016097000

Heap:
 PSYoungGen      total 28160K, used 6362K [0x00000000e0b00000, 0x00000000e4000000, 0x0000000100000000)
  eden space 24576K, 11% used [0x00000000e0b00000,0x00000000e0db9df8,0x00000000e2300000)
  from space 3584K, 99% used [0x00000000e2300000,0x00000000e267caf8,0x00000000e2680000)
  to   space 8704K, 0% used [0x00000000e3780000,0x00000000e3780000,0x00000000e4000000)
 ParOldGen       total 49152K, used 8045K [0x00000000a2000000, 0x00000000a5000000, 0x00000000e0b00000)
  object space 49152K, 16% used [0x00000000a2000000,0x00000000a27db6e8,0x00000000a5000000)
 Metaspace       used 25058K, capacity 25210K, committed 25344K, reserved 1071104K
  class space    used 3174K, capacity 3229K, committed 3328K, reserved 1048576K

Card table byte_map: [0x0000000011c40000,0x0000000011f40000] byte_map_base: 0x0000000011730000

Marking Bits: (ParMarkBitMap*) 0x0000000062562f70
 Begin Bits: [0x0000000012540000, 0x0000000013cc0000)
 End Bits:   [0x0000000013cc0000, 0x0000000015440000)

Polling page: 0x0000000000eb0000

CodeCache: size=245760Kb used=4794Kb max_used=4794Kb free=240965Kb
 bounds [0x0000000002880000, 0x0000000002d40000, 0x0000000011880000]
 total_blobs=1871 nmethods=1372 adapters=412
 compilation: enabled

Compilation events (10 events):
Event: 4.407 Thread 0x00000000160eb000 1376   !   3       org.apache.log4j.helpers.CountingQuietWriter::write (40 bytes)
Event: 4.407 Thread 0x00000000160eb000 nmethod 1376 0x0000000002d2e390 code [0x0000000002d2e520, 0x0000000002d2e9b8]
Event: 4.407 Thread 0x00000000160eb000 1377   !   3       org.apache.log4j.helpers.QuietWriter::write (52 bytes)
Event: 4.408 Thread 0x00000000160eb000 nmethod 1377 0x0000000002d2ec50 code [0x0000000002d2ee60, 0x0000000002d2fd78]
Event: 4.408 Thread 0x00000000160eb000 1374   !   3       java.io.PrintWriter::println (34 bytes)
Event: 4.409 Thread 0x00000000160eb000 nmethod 1374 0x0000000002d30310 code [0x0000000002d304e0, 0x0000000002d30c88]
Event: 4.409 Thread 0x00000000160eb000 1375       3       java.io.PrintWriter::print (13 bytes)
Event: 4.409 Thread 0x00000000160eb000 nmethod 1375 0x0000000002d31090 code [0x0000000002d31220, 0x0000000002d31568]
Event: 4.410 Thread 0x00000000160eb000 1378       1       java.util.logging.LogManager$LoggerContext::getOwner (5 bytes)
Event: 4.411 Thread 0x00000000160eb000 nmethod 1378 0x0000000002d31710 code [0x0000000002d31860, 0x0000000002d31970]

GC Heap History (10 events):
Event: 1.324 GC heap before
{Heap before GC invocations=2 (full 0):
 PSYoungGen      total 28160K, used 26834K [0x00000000e0b00000, 0x00000000e2a00000, 0x0000000100000000)
  eden space 24576K, 100% used [0x00000000e0b00000,0x00000000e2300000,0x00000000e2300000)
  from space 3584K, 63% used [0x00000000e2300000,0x00000000e2534998,0x00000000e2680000)
  to   space 3584K, 0% used [0x00000000e2680000,0x00000000e2680000,0x00000000e2a00000)
 ParOldGen       total 64512K, used 8K [0x00000000a2000000, 0x00000000a5f00000, 0x00000000e0b00000)
  object space 64512K, 0% used [0x00000000a2000000,0x00000000a2002000,0x00000000a5f00000)
 Metaspace       used 12598K, capacity 12778K, committed 12928K, reserved 1060864K
  class space    used 1532K, capacity 1589K, committed 1664K, reserved 1048576K
Event: 1.332 GC heap after
Heap after GC invocations=2 (full 0):
 PSYoungGen      total 28160K, used 3581K [0x00000000e0b00000, 0x00000000e2a00000, 0x0000000100000000)
  eden space 24576K, 0% used [0x00000000e0b00000,0x00000000e0b00000,0x00000000e2300000)
  from space 3584K, 99% used [0x00000000e2680000,0x00000000e29ff4d0,0x00000000e2a00000)
  to   space 3584K, 0% used [0x00000000e2300000,0x00000000e2300000,0x00000000e2680000)
 ParOldGen       total 64512K, used 642K [0x00000000a2000000, 0x00000000a5f00000, 0x00000000e0b00000)
  object space 64512K, 0% used [0x00000000a2000000,0x00000000a20a0b18,0x00000000a5f00000)
 Metaspace       used 12598K, capacity 12778K, committed 12928K, reserved 1060864K
  class space    used 1532K, capacity 1589K, committed 1664K, reserved 1048576K
}
Event: 2.844 GC heap before
{Heap before GC invocations=3 (full 0):
 PSYoungGen      total 28160K, used 28157K [0x00000000e0b00000, 0x00000000e2a00000, 0x0000000100000000)
  eden space 24576K, 100% used [0x00000000e0b00000,0x00000000e2300000,0x00000000e2300000)
  from space 3584K, 99% used [0x00000000e2680000,0x00000000e29ff4d0,0x00000000e2a00000)
  to   space 3584K, 0% used [0x00000000e2300000,0x00000000e2300000,0x00000000e2680000)
 ParOldGen       total 64512K, used 642K [0x00000000a2000000, 0x00000000a5f00000, 0x00000000e0b00000)
  object space 64512K, 0% used [0x00000000a2000000,0x00000000a20a0b18,0x00000000a5f00000)
 Metaspace       used 17745K, capacity 17962K, committed 18176K, reserved 1064960K
  class space    used 2206K, capacity 2293K, committed 2304K, reserved 1048576K
Event: 2.858 GC heap after
Heap after GC invocations=3 (full 0):
 PSYoungGen      total 28160K, used 3572K [0x00000000e0b00000, 0x00000000e2a00000, 0x0000000100000000)
  eden space 24576K, 0% used [0x00000000e0b00000,0x00000000e0b00000,0x00000000e2300000)
  from space 3584K, 99% used [0x00000000e2300000,0x00000000e267d398,0x00000000e2680000)
  to   space 3584K, 0% used [0x00000000e2680000,0x00000000e2680000,0x00000000e2a00000)
 ParOldGen       total 64512K, used 4121K [0x00000000a2000000, 0x00000000a5f00000, 0x00000000e0b00000)
  object space 64512K, 6% used [0x00000000a2000000,0x00000000a2406590,0x00000000a5f00000)
 Metaspace       used 17745K, capacity 17962K, committed 18176K, reserved 1064960K
  class space    used 2206K, capacity 2293K, committed 2304K, reserved 1048576K
}
Event: 3.242 GC heap before
{Heap before GC invocations=4 (full 0):
 PSYoungGen      total 28160K, used 28131K [0x00000000e0b00000, 0x00000000e2a00000, 0x0000000100000000)
  eden space 24576K, 99% used [0x00000000e0b00000,0x00000000e22fba30,0x00000000e2300000)
  from space 3584K, 99% used [0x00000000e2300000,0x00000000e267d398,0x00000000e2680000)
  to   space 3584K, 0% used [0x00000000e2680000,0x00000000e2680000,0x00000000e2a00000)
 ParOldGen       total 64512K, used 4121K [0x00000000a2000000, 0x00000000a5f00000, 0x00000000e0b00000)
  object space 64512K, 6% used [0x00000000a2000000,0x00000000a2406590,0x00000000a5f00000)
 Metaspace       used 21022K, capacity 21168K, committed 21248K, reserved 1067008K
  class space    used 2684K, capacity 2742K, committed 2816K, reserved 1048576K
Event: 3.249 GC heap after
Heap after GC invocations=4 (full 0):
 PSYoungGen      total 28160K, used 3572K [0x00000000e0b00000, 0x00000000e4200000, 0x0000000100000000)
  eden space 24576K, 0% used [0x00000000e0b00000,0x00000000e0b00000,0x00000000e2300000)
  from space 3584K, 99% used [0x00000000e2680000,0x00000000e29fd388,0x00000000e2a00000)
  to   space 3584K, 0% used [0x00000000e2300000,0x00000000e2300000,0x00000000e2680000)
 ParOldGen       total 64512K, used 7413K [0x00000000a2000000, 0x00000000a5f00000, 0x00000000e0b00000)
  object space 64512K, 11% used [0x00000000a2000000,0x00000000a273d470,0x00000000a5f00000)
 Metaspace       used 21022K, capacity 21168K, committed 21248K, reserved 1067008K
  class space    used 2684K, capacity 2742K, committed 2816K, reserved 1048576K
}
Event: 3.249 GC heap before
{Heap before GC invocations=5 (full 1):
 PSYoungGen      total 28160K, used 3572K [0x00000000e0b00000, 0x00000000e4200000, 0x0000000100000000)
  eden space 24576K, 0% used [0x00000000e0b00000,0x00000000e0b00000,0x00000000e2300000)
  from space 3584K, 99% used [0x00000000e2680000,0x00000000e29fd388,0x00000000e2a00000)
  to   space 3584K, 0% used [0x00000000e2300000,0x00000000e2300000,0x00000000e2680000)
 ParOldGen       total 64512K, used 7413K [0x00000000a2000000, 0x00000000a5f00000, 0x00000000e0b00000)
  object space 64512K, 11% used [0x00000000a2000000,0x00000000a273d470,0x00000000a5f00000)
 Metaspace       used 21022K, capacity 21168K, committed 21248K, reserved 1067008K
  class space    used 2684K, capacity 2742K, committed 2816K, reserved 1048576K
Event: 3.283 GC heap after
Heap after GC invocations=5 (full 1):
 PSYoungGen      total 28160K, used 0K [0x00000000e0b00000, 0x00000000e4200000, 0x0000000100000000)
  eden space 24576K, 0% used [0x00000000e0b00000,0x00000000e0b00000,0x00000000e2300000)
  from space 3584K, 0% used [0x00000000e2680000,0x00000000e2680000,0x00000000e2a00000)
  to   space 3584K, 0% used [0x00000000e2300000,0x00000000e2300000,0x00000000e2680000)
 ParOldGen       total 49152K, used 7701K [0x00000000a2000000, 0x00000000a5000000, 0x00000000e0b00000)
  object space 49152K, 15% used [0x00000000a2000000,0x00000000a27857c0,0x00000000a5000000)
 Metaspace       used 21022K, capacity 21168K, committed 21248K, reserved 1067008K
  class space    used 2684K, capacity 2742K, committed 2816K, reserved 1048576K
}
Event: 4.322 GC heap before
{Heap before GC invocations=6 (full 1):
 PSYoungGen      total 28160K, used 24576K [0x00000000e0b00000, 0x00000000e4200000, 0x0000000100000000)
  eden space 24576K, 100% used [0x00000000e0b00000,0x00000000e2300000,0x00000000e2300000)
  from space 3584K, 0% used [0x00000000e2680000,0x00000000e2680000,0x00000000e2a00000)
  to   space 3584K, 0% used [0x00000000e2300000,0x00000000e2300000,0x00000000e2680000)
 ParOldGen       total 49152K, used 7701K [0x00000000a2000000, 0x00000000a5000000, 0x00000000e0b00000)
  object space 49152K, 15% used [0x00000000a2000000,0x00000000a27857c0,0x00000000a5000000)
 Metaspace       used 24870K, capacity 25018K, committed 25344K, reserved 1071104K
  class space    used 3157K, capacity 3229K, committed 3328K, reserved 1048576K
Event: 4.327 GC heap after
Heap after GC invocations=6 (full 1):
 PSYoungGen      total 28160K, used 3570K [0x00000000e0b00000, 0x00000000e4000000, 0x0000000100000000)
  eden space 24576K, 0% used [0x00000000e0b00000,0x00000000e0b00000,0x00000000e2300000)
  from space 3584K, 99% used [0x00000000e2300000,0x00000000e267caf8,0x00000000e2680000)
  to   space 8704K, 0% used [0x00000000e3780000,0x00000000e3780000,0x00000000e4000000)
 ParOldGen       total 49152K, used 8045K [0x00000000a2000000, 0x00000000a5000000, 0x00000000e0b00000)
  object space 49152K, 16% used [0x00000000a2000000,0x00000000a27db6e8,0x00000000a5000000)
 Metaspace       used 24870K, capacity 25018K, committed 25344K, reserved 1071104K
  class space    used 3157K, capacity 3229K, committed 3328K, reserved 1048576K
}

Deoptimization events (10 events):
Event: 2.546 Thread 0x0000000002782800 Uncommon trap: reason=class_check action=maybe_recompile pc=0x0000000002b2aa04 method=java.util.regex.Pattern$BmpCharProperty.match(Ljava/util/regex/Matcher;ILjava/lang/CharSequence;)Z @ 31
Event: 2.546 Thread 0x0000000002782800 Uncommon trap: reason=class_check action=maybe_recompile pc=0x0000000002b2aa04 method=java.util.regex.Pattern$BmpCharProperty.match(Ljava/util/regex/Matcher;ILjava/lang/CharSequence;)Z @ 31
Event: 2.712 Thread 0x0000000002782800 Uncommon trap: reason=unstable_if action=reinterpret pc=0x0000000002a05a9c method=sun.nio.cs.UTF_8$Encoder.encode([CII[B)I @ 33
Event: 2.714 Thread 0x0000000002782800 Uncommon trap: reason=unstable_if action=reinterpret pc=0x0000000002ab05d8 method=java.io.WinNTFileSystem.normalize(Ljava/lang/String;)Ljava/lang/String; @ 128
Event: 3.171 Thread 0x0000000002782800 Uncommon trap: reason=unstable_if action=reinterpret pc=0x0000000002bf8458 method=java.util.HashMap.putVal(ILjava/lang/Object;Ljava/lang/Object;ZZ)Ljava/lang/Object; @ 162
Event: 3.171 Thread 0x0000000002782800 Uncommon trap: reason=unstable_if action=reinterpret pc=0x0000000002a8ed90 method=java.util.HashMap.getNode(ILjava/lang/Object;)Ljava/util/HashMap$Node; @ 84
Event: 3.171 Thread 0x0000000002782800 Uncommon trap: reason=unstable_if action=reinterpret pc=0x0000000002a70c5c method=java.util.HashMap.getNode(ILjava/lang/Object;)Ljava/util/HashMap$Node; @ 84
Event: 3.363 Thread 0x0000000002782800 Uncommon trap: reason=unstable_if action=reinterpret pc=0x0000000002bf55b0 method=java.lang.String.regionMatches(ZILjava/lang/String;II)Z @ 123
Event: 3.364 Thread 0x0000000002782800 Uncommon trap: reason=unstable_if action=reinterpret pc=0x0000000002b8b18c method=java.lang.String.regionMatches(ZILjava/lang/String;II)Z @ 123
Event: 3.892 Thread 0x0000000002782800 Uncommon trap: reason=unstable_if action=reinterpret pc=0x0000000002c0f85c method=java.util.regex.Pattern$BmpCharProperty.match(Ljava/util/regex/Matcher;ILjava/lang/CharSequence;)Z @ 5

Internal exceptions (10 events):
Event: 0.552 Thread 0x0000000002782800 Exception <a 'java/lang/ClassNotFoundException': org/apache/log4j/RollingFileAppenderCustomizer> (0x00000000e141ac68) thrown at [C:\re\workspace\8-2-build-windows-amd64-cygwin\jdk8u91\7017\hotspot\src\share\vm\classfile\systemDictionary.cpp, line 210]
Event: 0.563 Thread 0x0000000002782800 Exception <a 'java/lang/ClassNotFoundException': org/apache/log4j/ConsoleAppenderBeanInfo> (0x00000000e14589f0) thrown at [C:\re\workspace\8-2-build-windows-amd64-cygwin\jdk8u91\7017\hotspot\src\share\vm\classfile\systemDictionary.cpp, line 210]
Event: 0.563 Thread 0x0000000002782800 Exception <a 'java/lang/ClassNotFoundException': org/apache/log4j/ConsoleAppenderCustomizer> (0x00000000e1462ba8) thrown at [C:\re\workspace\8-2-build-windows-amd64-cygwin\jdk8u91\7017\hotspot\src\share\vm\classfile\systemDictionary.cpp, line 210]
Event: 0.718 Thread 0x0000000002782800 Exception <a 'java/security/PrivilegedActionException'> (0x00000000e12a5070) thrown at [C:\re\workspace\8-2-build-windows-amd64-cygwin\jdk8u91\7017\hotspot\src\share\vm\prims\jvm.cpp, line 1386]
Event: 0.718 Thread 0x0000000002782800 Exception <a 'java/security/PrivilegedActionException'> (0x00000000e12a5468) thrown at [C:\re\workspace\8-2-build-windows-amd64-cygwin\jdk8u91\7017\hotspot\src\share\vm\prims\jvm.cpp, line 1386]
Event: 0.782 Thread 0x0000000002782800 Implicit null exception at 0x0000000002a71656 to 0x0000000002a7197d
Event: 1.188 Thread 0x0000000002782800 Exception <a 'java/lang/NoSuchFieldError': method resolution failed> (0x00000000e20e17b8) thrown at [C:\re\workspace\8-2-build-windows-amd64-cygwin\jdk8u91\7017\hotspot\src\share\vm\prims\methodHandles.cpp, line 1146]
Event: 1.189 Thread 0x0000000002782800 Exception <a 'java/lang/NoSuchFieldError': method resolution failed> (0x00000000e20eeea8) thrown at [C:\re\workspace\8-2-build-windows-amd64-cygwin\jdk8u91\7017\hotspot\src\share\vm\prims\methodHandles.cpp, line 1146]
Event: 2.542 Thread 0x0000000002782800 Exception <a 'java/lang/NullPointerException'> (0x00000000e1c08b80) thrown at [C:\re\workspace\8-2-build-windows-amd64-cygwin\jdk8u91\7017\hotspot\src\share\vm\runtime\reflection.cpp, line 922]
Event: 3.888 Thread 0x0000000002782800 Exception <a 'java/lang/reflect/InvocationTargetException'> (0x00000000e190b9c8) thrown at [C:\re\workspace\8-2-build-windows-amd64-cygwin\jdk8u91\7017\hotspot\src\share\vm\runtime\reflection.cpp, line 1092]

Events (10 events):
Event: 4.407 loading class org/junit/runner/notification/RunNotifier$2 done
Event: 4.408 loading class java/util/IdentityHashMap$KeyIterator
Event: 4.408 loading class java/util/IdentityHashMap$IdentityHashMapIterator
Event: 4.408 loading class java/util/IdentityHashMap$IdentityHashMapIterator done
Event: 4.408 loading class java/util/IdentityHashMap$KeyIterator done
Event: 4.408 Thread 0x0000000018c5a800 Thread added: 0x0000000018c5a800
Event: 4.410 Thread 0x000000001c022000 Thread added: 0x000000001c022000
Event: 4.411 Thread 0x0000000018c5a800 Thread exited: 0x0000000018c5a800
Event: 4.411 Thread 0x00000000160d6800 Thread exited: 0x00000000160d6800
Event: 4.412 Executing VM operation: Exit


Dynamic libraries:
0x00007ff68e770000 - 0x00007ff68e7a7000 	C:\Program Files\Java\jdk1.8.0_91\bin\java.exe
0x00007ffae98e0000 - 0x00007ffae9a8c000 	C:\Windows\SYSTEM32\ntdll.dll
0x00007ffae7de0000 - 0x00007ffae7f1e000 	C:\Windows\system32\KERNEL32.DLL
0x00007ffae6d90000 - 0x00007ffae6ea5000 	C:\Windows\system32\KERNELBASE.dll
0x00007ffae5400000 - 0x00007ffae548e000 	C:\Windows\system32\apphelp.dll
0x00007ffadb0d0000 - 0x00007ffadb123000 	C:\Windows\AppPatch\AppPatch64\AcGenral.DLL
0x00007ffae7750000 - 0x00007ffae77fa000 	C:\Windows\system32\msvcrt.dll
0x00007ffae68d0000 - 0x00007ffae68fe000 	C:\Windows\SYSTEM32\SspiCli.dll
0x00007ffae6f60000 - 0x00007ffae6fb4000 	C:\Windows\system32\SHLWAPI.dll
0x00007ffae72c0000 - 0x00007ffae7437000 	C:\Windows\system32\USER32.dll
0x00007ffae7440000 - 0x00007ffae75d4000 	C:\Windows\system32\ole32.dll
0x00007ffae8260000 - 0x00007ffae9778000 	C:\Windows\system32\SHELL32.dll
0x00007ffae6010000 - 0x00007ffae6031000 	C:\Windows\SYSTEM32\USERENV.dll
0x00007ffae8080000 - 0x00007ffae812a000 	C:\Windows\system32\ADVAPI32.dll
0x00007ffade450000 - 0x00007ffade46e000 	C:\Windows\SYSTEM32\MPR.dll
0x00007ffae7a60000 - 0x00007ffae7ba1000 	C:\Windows\system32\RPCRT4.dll
0x00007ffae7bd0000 - 0x00007ffae7c29000 	C:\Windows\SYSTEM32\sechost.dll
0x00007ffae6fd0000 - 0x00007ffae71e1000 	C:\Windows\SYSTEM32\combase.dll
0x00007ffae9780000 - 0x00007ffae98d1000 	C:\Windows\system32\GDI32.dll
0x00007ffae6a30000 - 0x00007ffae6a45000 	C:\Windows\SYSTEM32\profapi.dll
0x00007ffae5090000 - 0x00007ffae5142000 	C:\Windows\SYSTEM32\SHCORE.dll
0x00007ffae7710000 - 0x00007ffae7746000 	C:\Windows\system32\IMM32.DLL
0x00007ffae7f20000 - 0x00007ffae8073000 	C:\Windows\system32\MSCTF.dll
0x00007ffae34b0000 - 0x00007ffae372b000 	C:\Windows\WinSxS\amd64_microsoft.windows.common-controls_6595b64144ccf1df_6.0.9600.17415_none_6240486fecbd8abb\COMCTL32.dll
0x00000000618a0000 - 0x0000000061972000 	C:\Program Files\Java\jdk1.8.0_91\jre\bin\msvcr100.dll
0x0000000061d50000 - 0x00000000625e3000 	C:\Program Files\Java\jdk1.8.0_91\jre\bin\server\jvm.dll
0x00007ffad3820000 - 0x00007ffad3829000 	C:\Windows\SYSTEM32\WSOCK32.dll
0x00007ffae4470000 - 0x00007ffae4492000 	C:\Windows\SYSTEM32\WINMM.dll
0x00007ffae37f0000 - 0x00007ffae37fa000 	C:\Windows\SYSTEM32\VERSION.dll
0x00007ffae6fc0000 - 0x00007ffae6fc7000 	C:\Windows\system32\PSAPI.DLL
0x00007ffae76b0000 - 0x00007ffae770a000 	C:\Windows\system32\WS2_32.dll
0x00007ffae2fb0000 - 0x00007ffae2fda000 	C:\Windows\SYSTEM32\WINMMBASE.dll
0x00007ffae76a0000 - 0x00007ffae76a9000 	C:\Windows\system32\NSI.dll
0x00007ffae6b00000 - 0x00007ffae6b4f000 	C:\Windows\SYSTEM32\cfgmgr32.dll
0x00007ffae5850000 - 0x00007ffae5878000 	C:\Windows\SYSTEM32\DEVOBJ.dll
0x0000000061d40000 - 0x0000000061d4f000 	C:\Program Files\Java\jdk1.8.0_91\jre\bin\verify.dll
0x0000000061d10000 - 0x0000000061d39000 	C:\Program Files\Java\jdk1.8.0_91\jre\bin\java.dll
0x0000000061cc0000 - 0x0000000061cd6000 	C:\Program Files\Java\jdk1.8.0_91\jre\bin\zip.dll
0x00007ffae45f0000 - 0x00007ffae4600000 	C:\Program Files (x86)\JetBrains\IntelliJ IDEA 2016.2.5\bin\breakgen64.dll
0x0000000061ca0000 - 0x0000000061cba000 	C:\Program Files\Java\jdk1.8.0_91\jre\bin\net.dll
0x00007ffae6280000 - 0x00007ffae62d9000 	C:\Windows\system32\mswsock.dll
0x00007ffae6080000 - 0x00007ffae6124000 	C:\Windows\SYSTEM32\DNSAPI.dll
0x00007ffaddac0000 - 0x00007ffaddaca000 	C:\Windows\System32\rasadhlp.dll
0x00007ffae2140000 - 0x00007ffae21ab000 	C:\Windows\System32\fwpuclnt.dll
0x00007ffae64c0000 - 0x00007ffae64e0000 	C:\Windows\SYSTEM32\CRYPTSP.dll
0x00007ffae5f20000 - 0x00007ffae5f56000 	C:\Windows\system32\rsaenh.dll
0x00007ffae6610000 - 0x00007ffae6636000 	C:\Windows\SYSTEM32\bcrypt.dll
0x00007ffae6900000 - 0x00007ffae6963000 	C:\Windows\system32\bcryptprimitives.dll
0x00007ffae6970000 - 0x00007ffae697b000 	C:\Windows\SYSTEM32\CRYPTBASE.dll
0x00007ffae1e30000 - 0x00007ffae1e5a000 	C:\Windows\SYSTEM32\IPHLPAPI.DLL
0x00007ffae3950000 - 0x00007ffae395a000 	C:\Windows\SYSTEM32\WINNSI.DLL
0x00007ffae20a0000 - 0x00007ffae20b6000 	C:\Windows\SYSTEM32\dhcpcsvc6.DLL
0x00007ffae2c30000 - 0x00007ffae2c4a000 	C:\Windows\SYSTEM32\dhcpcsvc.DLL
0x0000000061c80000 - 0x0000000061c91000 	C:\Program Files\Java\jdk1.8.0_91\jre\bin\nio.dll

VM Arguments:
jvm_args: -ea -Didea.launcher.port=7534 -Didea.launcher.bin.path=C:\Program Files (x86)\JetBrains\IntelliJ IDEA 2016.2.5\bin -Didea.junit.sm_runner -Dfile.encoding=UTF-8 
java_command: com.intellij.rt.execution.application.AppMain com.intellij.rt.execution.junit.JUnitStarter -ideVersion5 dao.daojpa.TestDAOSubject,testCreateSubject
java_class_path (initial): C:\Program Files (x86)\JetBrains\IntelliJ IDEA 2016.2.5\lib\idea_rt.jar;C:\Program Files (x86)\JetBrains\IntelliJ IDEA 2016.2.5\plugins\junit\lib\junit-rt.jar;C:\Program Files\Java\jdk1.8.0_91\jre\lib\charsets.jar;C:\Program Files\Java\jdk1.8.0_91\jre\lib\deploy.jar;C:\Program Files\Java\jdk1.8.0_91\jre\lib\ext\access-bridge-64.jar;C:\Program Files\Java\jdk1.8.0_91\jre\lib\ext\cldrdata.jar;C:\Program Files\Java\jdk1.8.0_91\jre\lib\ext\dnsns.jar;C:\Program Files\Java\jdk1.8.0_91\jre\lib\ext\jaccess.jar;C:\Program Files\Java\jdk1.8.0_91\jre\lib\ext\jfxrt.jar;C:\Program Files\Java\jdk1.8.0_91\jre\lib\ext\localedata.jar;C:\Program Files\Java\jdk1.8.0_91\jre\lib\ext\nashorn.jar;C:\Program Files\Java\jdk1.8.0_91\jre\lib\ext\sunec.jar;C:\Program Files\Java\jdk1.8.0_91\jre\lib\ext\sunjce_provider.jar;C:\Program Files\Java\jdk1.8.0_91\jre\lib\ext\sunmscapi.jar;C:\Program Files\Java\jdk1.8.0_91\jre\lib\ext\sunpkcs11.jar;C:\Program Files\Java\jdk1.8.0_91\jre\lib\ext\zipfs.jar;C:\Program Files\Java\jdk1.8.0_91\jre\lib\javaws.jar;C:\Program Files\Java\jdk1.8.0_91\jre\lib\jce.jar;C:\Program Files\Java\jdk1.8.0_91\jre\lib\jfr.jar;C:\Program Files\Java\jdk1.8.0_91\jre\lib\jfxswt.jar;C:\Program Files\Java\jdk1.8.0_91\jre\lib\jsse.jar;C:\Program Files\Java\jdk1.8.0_91\jre\lib\management-agent.jar;C:\Program Files\Java\jdk1.8.0_91\jre\lib\plugin.jar;C:\Program Files\Java\jdk1.8.0_91\jre\lib\resources.jar;C:\Program Files\Java\jdk1.8.0_91\jre\lib\rt.jar;D:\artcode\module\ACP15\SashaSales\target\test-classes;D:\artcode\module\ACP15\SashaSales\target\classes;C:\Users\work\.m2\repository\org\hibernate\hibernate-core\5.0.3.Final\hibernate-core-5.0.3.Final.jar;C:\Users\work\.m2\repository\org\jboss\logging\jboss-logging\3.3.0.Final\jboss-logging-3.3.0.Final.jar;C:\Users\work\.m2\repository\org\hibernate\javax\persistence\hibernate-jpa-2.1-api\1.0.0.Final\hibernate-jpa-2.1-api-1.0.0.Final.jar;C:\Users\work\.m2\repository\org\javassist\javassist\3.18.1-GA\javassis
Launcher Type: SUN_STANDARD

Environment Variables:
JAVA_HOME=C:\Program Files\Java\jdk1.8.0_91
PATH=C:\ProgramData\Oracle\Java\javapath;C:\Windows\system32;C:\Windows;C:\Windows\System32\Wbem;C:\Windows\System32\WindowsPowerShell\v1.0\;C:\Program Files (x86)\Common Files\Acronis\SnapAPI\;C:\Program Files (x86)\AMD\ATI.ACE\Core-Static;C:\Program Files (x86)\Skype\Phone\;C:\Program Files\Git\cmd;C:\Program Files\apache-maven-3.0.4\bin;C:\Program Files\Java\jdk1.8.0_91\bin;C:\Program Files (x86)\maven\bin;C:\Program Files\MySQL\MySQL Utilities 1.6\;C:\Program Files\MySQL\MySQL Server 5.7\bin;C:\Program Files (x86)\Common Files\Acronis\TibMounter64
USERNAME=work
OS=Windows_NT
PROCESSOR_IDENTIFIER=Intel64 Family 6 Model 58 Stepping 9, GenuineIntel



---------------  S Y S T E M  ---------------

OS: Windows 8.1 , 64 bit Build 9600 (6.3.9600.17415)

CPU:total 4 (2 cores per cpu, 2 threads per core) family 6 model 58 stepping 9, cmov, cx8, fxsr, mmx, sse, sse2, sse3, ssse3, sse4.1, sse4.2, popcnt, avx, aes, clmul, erms, ht, tsc, tscinvbit, tscinv

Memory: 4k page, physical 6157592k(1209248k free), swap 6157592k(5320k free)

vm_info: Java HotSpot(TM) 64-Bit Server VM (25.91-b15) for windows-amd64 JRE (1.8.0_91-b15), built on May 20 2016 17:43:15 by "java_re" with MS VC++ 10.0 (VS2010)

time: Sun Nov 27 19:58:50 2016
elapsed time: 4 seconds (0d 0h 0m 4s)

