JvmtiExport can_access_local_variables 0
JvmtiExport can_hotswap_or_post_breakpoint 0
JvmtiExport can_post_on_exceptions 0
# 666 ciObject found
ciMethod java/lang/Object <init> ()V 4097 1 124286 0 0
ciMethod java/lang/Object hashCode ()I 3073 1 384 0 -1
ciMethod java/lang/Object equals (Ljava/lang/Object;)Z 689 1 2339 0 -1
ciMethod java/lang/Object clone ()Ljava/lang/Object; 2049 1 256 0 -1
ciMethod java/lang/String <init> ([CII)V 4097 1 5715 0 704
ciMethod java/lang/String <init> ([BIILjava/lang/String;)V 2049 1 306 0 -1
ciMethod java/lang/String <init> ([CZ)V 2105 1 9830 0 64
ciMethod java/lang/String length ()I 4097 1 102446 0 0
ciMethod java/lang/String charAt (I)C 4097 1 296875 0 -1
ciMethod java/lang/String codePointAt (I)I 1 1 240 0 -1
ciMethod java/lang/String getChars ([CI)V 2089 1 5424 0 0
ciMethod java/lang/String equals (Ljava/lang/Object;)Z 3073 19905 3533 0 -1
ciMethod java/lang/String equalsIgnoreCase (Ljava/lang/String;)Z 2057 1 7313 0 0
ciMethod java/lang/String regionMatches (ZILjava/lang/String;II)Z 2049 657 5902 0 0
ciMethod java/lang/String startsWith (Ljava/lang/String;I)Z 2129 1601 5542 0 384
ciMethod java/lang/String startsWith (Ljava/lang/String;)Z 2297 1 31031 0 -1
ciMethod java/lang/String endsWith (Ljava/lang/String;)Z 2113 1 20388 0 384
ciMethod java/lang/String hashCode ()I 2889 32769 1072 0 288
ciMethod java/lang/String indexOf (I)I 3121 1 19213 0 -1
ciMethod java/lang/String lastIndexOf (I)I 2049 1 17051 0 288
ciMethod java/lang/String lastIndexOf (II)I 1025 49865 1018 0 320
ciMethod java/lang/String lastIndexOfSupplementary (II)I 0 0 1 0 -1
ciMethod java/lang/String substring (II)Ljava/lang/String; 2065 1 5379 0 960
ciMethod java/lang/String concat (Ljava/lang/String;)Ljava/lang/String; 2089 1 5424 0 896
ciMethod java/lang/String replace (CC)Ljava/lang/String; 865 40961 967 0 1120
ciMethod java/lang/String toUpperCase (Ljava/util/Locale;)Ljava/lang/String; 353 6897 1116 0 0
ciMethod java/lang/String toCharArray ()[C 2865 1 8198 0 0
ciMethod java/lang/ClassLoader preDefineClass (Ljava/lang/String;Ljava/security/ProtectionDomain;)Ljava/security/ProtectionDomain; 3073 1 2433 0 -1
ciMethod java/lang/ClassLoader defineClassSourceLocation (Ljava/security/ProtectionDomain;)Ljava/lang/String; 3097 1 2433 0 -1
ciMethod java/lang/ClassLoader postDefineClass (Ljava/lang/Class;Ljava/security/ProtectionDomain;)V 3625 1 2433 0 -1
ciMethod java/lang/ClassLoader defineClass (Ljava/lang/String;[BIILjava/security/ProtectionDomain;)Ljava/lang/Class; 2545 1 2433 0 -1
ciMethod java/lang/ClassLoader defineClass1 (Ljava/lang/String;[BIILjava/security/ProtectionDomain;Ljava/lang/String;)Ljava/lang/Class; 4105 1 513 0 -1
ciMethod java/lang/ClassLoader checkName (Ljava/lang/String;)Z 2049 1 5416 0 -1
ciMethod java/lang/ClassLoader checkCerts (Ljava/lang/String;Ljava/security/CodeSource;)V 3081 1 2433 0 -1
ciMethod java/lang/ClassLoader definePackage (Ljava/lang/String;Ljava/lang/String;Ljava/lang/String;Ljava/lang/String;Ljava/lang/String;Ljava/lang/String;Ljava/lang/String;Ljava/net/URL;)Ljava/lang/Package; 417 1 250 0 0
ciMethod java/lang/ClassLoader getPackage (Ljava/lang/String;)Ljava/lang/Package; 2049 1 3172 0 0
ciMethod java/lang/System nanoTime ()J 2049 1 256 0 -1
ciMethod java/lang/System arraycopy (Ljava/lang/Object;ILjava/lang/Object;II)V 9217 1 1152 0 -1
ciMethod java/lang/Throwable printStackTrace ()V 0 0 1 0 -1
ciMethod java/lang/Throwable addSuppressed (Ljava/lang/Throwable;)V 0 0 1 0 -1
ciMethod java/security/ProtectionDomain <init> (Ljava/security/CodeSource;Ljava/security/PermissionCollection;Ljava/lang/ClassLoader;[Ljava/security/Principal;)V 161 1 30 0 -1
ciMethod java/security/ProtectionDomain getCodeSource ()Ljava/security/CodeSource; 1025 1 128 0 -1
ciMethod java/security/SecureClassLoader defineClass (Ljava/lang/String;[BIILjava/security/CodeSource;)Ljava/lang/Class; 2545 1 2416 0 -1
ciMethod java/security/SecureClassLoader defineClass (Ljava/lang/String;Ljava/nio/ByteBuffer;Ljava/security/CodeSource;)Ljava/lang/Class; 0 0 1 0 -1
ciMethod java/security/SecureClassLoader getPermissions (Ljava/security/CodeSource;)Ljava/security/PermissionCollection; 145 1 18 0 -1
ciMethod java/security/SecureClassLoader getProtectionDomain (Ljava/security/CodeSource;)Ljava/security/ProtectionDomain; 2545 1 2431 0 -1
ciMethod java/lang/NoClassDefFoundError <init> (Ljava/lang/String;)V 0 0 1 0 -1
ciMethod java/lang/ref/Reference get ()Ljava/lang/Object; 2089 1 261 0 -1
ciMethod java/lang/ref/Reference <init> (Ljava/lang/Object;)V 2057 1 1914 0 0
ciMethod java/lang/ref/Reference <init> (Ljava/lang/Object;Ljava/lang/ref/ReferenceQueue;)V 2121 1 9767 0 0
ciMethod java/lang/ref/SoftReference <init> (Ljava/lang/Object;)V 2049 1 642 0 0
ciMethod java/lang/ref/SoftReference get ()Ljava/lang/Object; 3105 1 4827 0 0
ciMethod java/lang/ref/WeakReference <init> (Ljava/lang/Object;Ljava/lang/ref/ReferenceQueue;)V 2049 1 2734 0 0
ciMethod java/lang/Thread currentThread ()Ljava/lang/Thread; 2049 1 256 0 -1
ciMethod java/lang/Thread interrupt ()V 0 0 1 0 0
ciMethod java/lang/Thread interrupted ()Z 3073 1 2433 0 0
ciMethod java/lang/Thread isInterrupted (Z)Z 3073 1 384 0 -1
ciMethod java/lang/Thread checkAccess ()V 169 1 19 0 -1
ciMethod java/lang/Thread holdsLock (Ljava/lang/Object;)Z 0 0 1 0 -1
ciMethod java/lang/Thread interrupt0 ()V 9 1 1 0 -1
ciMethod java/util/Map get (Ljava/lang/Object;)Ljava/lang/Object; 0 0 1 0 -1
ciMethod java/util/Map put (Ljava/lang/Object;Ljava/lang/Object;)Ljava/lang/Object; 0 0 1 0 -1
ciMethod java/util/Map remove (Ljava/lang/Object;)Ljava/lang/Object; 0 0 1 0 -1
ciMethod java/util/Hashtable <init> (IF)V 1489 1 137 0 0
ciMethod java/util/Hashtable <init> (I)V 321 1 40 0 0
ciMethod java/util/Hashtable <init> ()V 1169 1 97 0 0
ciMethod java/util/Dictionary <init> ()V 1489 1 137 0 0
ciMethod java/lang/StringBuilder <init> ()V 1153 1 11866 0 -1
ciMethod java/lang/StringBuilder append (Ljava/lang/Object;)Ljava/lang/StringBuilder; 513 1 235 0 -1
ciMethod java/lang/StringBuilder append (Ljava/lang/String;)Ljava/lang/StringBuilder; 2049 1 28464 0 -1
ciMethod java/lang/StringBuilder append (I)Ljava/lang/StringBuilder; 1 1 241 0 -1
ciMethod java/lang/StringBuilder toString ()Ljava/lang/String; 1153 1 13196 0 -1
ciMethod java/io/ByteArrayInputStream <init> ([B)V 89 1 16 0 0
ciMethod java/io/InputStream <init> ()V 2049 1 5078 0 0
ciMethod java/io/InputStream read ([BII)I 0 0 1 0 -1
ciMethod java/io/InputStream close ()V 0 0 1 0 -1
ciMethod java/io/File length ()J 137 1 14 0 -1
ciMethod java/net/URLClassLoader getAndVerifyPackage (Ljava/lang/String;Ljava/util/jar/Manifest;Ljava/net/URL;)Ljava/lang/Package; 2057 1 2424 0 0
ciMethod java/net/URLClassLoader definePackageInternal (Ljava/lang/String;Ljava/util/jar/Manifest;Ljava/net/URL;)V 2049 1 2416 0 0
ciMethod java/net/URLClassLoader defineClass (Ljava/lang/String;Lsun/misc/Resource;)Ljava/lang/Class; 1521 1 2416 0 0
ciMethod java/net/URLClassLoader definePackage (Ljava/lang/String;Ljava/util/jar/Manifest;Ljava/net/URL;)Ljava/lang/Package; 385 1 245 0 0
ciMethod java/net/URLClassLoader isSealed (Ljava/lang/String;Ljava/util/jar/Manifest;)Z 1601 1 2166 0 0
ciMethod java/net/URLClassLoader access$000 (Ljava/net/URLClassLoader;)Lsun/misc/URLClassPath; 1033 1 129 0 0
ciMethod java/net/URLClassLoader access$100 (Ljava/net/URLClassLoader;Ljava/lang/String;Lsun/misc/Resource;)Ljava/lang/Class; 1521 1 2413 0 0
ciMethod java/net/URL getRef ()Ljava/lang/String; 1025 1 128 0 -1
ciMethod java/net/URL equals (Ljava/lang/Object;)Z 1945 1 2413 0 -1
ciMethod java/util/jar/Manifest <init> (Ljava/io/InputStream;)V 89 1 16 0 0
ciMethod java/util/jar/Manifest getMainAttributes ()Ljava/util/jar/Attributes; 1025 1 128 0 0
ciMethod java/util/jar/Manifest getEntries ()Ljava/util/Map; 1025 1 128 0 0
ciMethod java/util/jar/Manifest getAttributes (Ljava/lang/String;)Ljava/util/jar/Attributes; 2049 1 2408 0 0
ciMethod java/util/jar/Manifest read (Ljava/io/InputStream;)V 89 9 16 0 -1
ciMethod java/util/jar/Manifest parseName ([BI)Ljava/lang/String; 9 1 1 0 -1
ciMethod java/security/CodeSource <init> (Ljava/net/URL;[Ljava/security/CodeSigner;)V 2545 1 2416 0 -1
ciMethod java/nio/Buffer position ()I 1065 1 133 0 -1
ciMethod java/lang/Character isSurrogate (C)Z 1 1 292 0 -1
ciMethod java/lang/Character charCount (I)I 17 1 664 0 -1
ciMethod java/lang/Character toChars (I[CI)I 0 0 1 0 -1
ciMethod java/lang/Character toChars (I)[C 0 0 1 0 -1
ciMethod java/lang/Character toLowerCase (C)C 2225 1 21461 0 192
ciMethod java/lang/Character toLowerCase (I)I 4097 1 31159 0 0
ciMethod java/lang/Character toUpperCase (C)C 2049 1 20637 0 192
ciMethod java/lang/Character toUpperCase (I)I 2129 1 20637 0 0
ciMethod java/lang/Character toUpperCaseEx (I)I 2849 1 10618 0 -1
ciMethod java/lang/Character toUpperCaseCharArray (I)[C 0 0 1 0 -1
ciMethod java/lang/Float isNaN (F)Z 2049 1 493 0 0
ciMethod java/lang/Float floatToRawIntBits (F)I 73 1 7 0 -1
ciMethod java/lang/NullPointerException <init> ()V 0 0 1 0 -1
ciMethod java/lang/NullPointerException <init> (Ljava/lang/String;)V 0 0 1 0 -1
ciMethod java/util/Comparator compare (Ljava/lang/Object;Ljava/lang/Object;)I 0 0 1 0 -1
ciMethod java/security/AccessController doPrivileged (Ljava/security/PrivilegedAction;)Ljava/lang/Object; 2049 1 256 0 -1
ciMethod java/util/AbstractList <init> ()V 2017 1 3478 0 0
ciMethod java/util/AbstractCollection <init> ()V 729 1 4675 0 0
ciMethod java/util/ArrayList <init> ()V 1001 1 2345 0 0
ciMethod java/util/ArrayList size ()I 1121 1 140 0 -1
ciMethod java/util/AbstractMap <init> ()V 753 1 1908 0 0
ciMethod java/lang/ref/ReferenceQueue poll ()Ljava/lang/ref/Reference; 2049 1 6429 0 -1
ciMethod java/util/HashMap hash (Ljava/lang/Object;)I 3089 1 18605 0 160
ciMethod java/util/HashMap tableSizeFor (I)I 1881 1 320 0 0
ciMethod java/util/HashMap <init> (IF)V 745 1 300 0 0
ciMethod java/util/HashMap <init> (I)V 633 1 195 0 0
ciMethod java/util/HashMap <init> ()V 297 1 1235 0 0
ciMethod java/util/HashMap get (Ljava/lang/Object;)Ljava/lang/Object; 2057 1 10604 0 640
ciMethod java/util/HashMap getNode (ILjava/lang/Object;)Ljava/util/HashMap$Node; 2089 41 10506 0 480
ciMethod java/util/HashMap put (Ljava/lang/Object;Ljava/lang/Object;)Ljava/lang/Object; 3281 1 5624 0 -1
ciMethod sun/misc/VM allowArraySyntax ()Z 2049 1 5416 0 -1
ciMethod java/lang/Math max (II)I 4097 1 7871 0 -1
ciMethod java/lang/Math min (II)I 4097 1 55359 0 -1
ciMethod java/lang/Math min (FF)F 2233 1 220 0 0
ciMethod java/nio/charset/Charset atBugLevel (Ljava/lang/String;)Z 2065 1 301 0 -1
ciMethod java/nio/charset/Charset newEncoder ()Ljava/nio/charset/CharsetEncoder; 0 0 1 0 -1
ciMethod java/util/WeakHashMap maskNull (Ljava/lang/Object;)Ljava/lang/Object; 2057 1 7093 0 0
ciMethod java/util/WeakHashMap eq (Ljava/lang/Object;Ljava/lang/Object;)Z 1217 1 2508 0 0
ciMethod java/util/WeakHashMap hash (Ljava/lang/Object;)I 2065 1 7093 0 0
ciMethod java/util/WeakHashMap indexFor (II)I 3097 1 7097 0 0
ciMethod java/util/WeakHashMap expungeStaleEntries ()V 3073 1 5548 0 2368
ciMethod java/util/WeakHashMap getTable ()[Ljava/util/WeakHashMap$Entry; 3073 1 7093 0 0
ciMethod java/util/WeakHashMap put (Ljava/lang/Object;Ljava/lang/Object;)Ljava/lang/Object; 3073 57 2510 0 0
ciMethod java/util/WeakHashMap resize (I)V 0 0 1 0 -1
ciMethod java/util/Arrays copyOf ([BI)[B 3009 1 11298 0 480
ciMethod java/util/Arrays copyOf ([CI)[C 2073 1 16399 0 0
ciMethod java/util/Arrays copyOfRange ([CII)[C 4097 1 5712 0 512
ciMethod java/io/FileInputStream <init> (Ljava/io/File;)V 705 1 55 1 -1
ciMethod java/io/FileInputStream readBytes ([BII)I 1273 1 92 0 -1
ciMethod java/io/FileInputStream read ([BII)I 1273 1 92 0 0
ciMethod java/io/FileInputStream close ()V 961 1 108 0 0
ciMethod java/io/FileDescriptor closeAll (Ljava/io/Closeable;)V 513 1 56 0 -1
ciMethod java/io/OutputStream <init> ()V 2121 1 263 0 0
ciMethod java/io/FilterInputStream <init> (Ljava/io/InputStream;)V 2049 1 2536 0 0
ciMethod java/io/PrintStream println (Ljava/lang/String;)V 81 1 8 0 -1
ciMethod sun/nio/cs/UTF_8 newEncoder ()Ljava/nio/charset/CharsetEncoder; 457 1 57 0 0
ciMethod sun/nio/cs/ArrayEncoder encode ([CII[B)I 0 0 1 0 -1
ciMethod sun/nio/cs/UTF_8$Encoder <init> (Ljava/nio/charset/Charset;)V 457 1 57 0 -1
ciMethod sun/nio/cs/UTF_8$Encoder encode ([CII[B)I 969 25393 1599 0 -1
ciMethod sun/nio/cs/UTF_8$Encoder <init> (Ljava/nio/charset/Charset;Lsun/nio/cs/UTF_8$1;)V 457 1 57 0 -1
ciMethod java/nio/charset/CharsetEncoder <init> (Ljava/nio/charset/Charset;FF[B)V 513 1 64 0 -1
ciMethod java/nio/charset/CharsetEncoder <init> (Ljava/nio/charset/Charset;FF)V 513 1 64 0 -1
ciMethod java/nio/charset/CharsetEncoder replaceWith ([B)Ljava/nio/charset/CharsetEncoder; 513 1 64 0 -1
ciMethod java/nio/charset/CharsetEncoder implReplaceWith ([B)V 0 0 1 0 -1
ciMethod java/nio/charset/CharsetEncoder isLegalReplacement ([B)Z 0 0 1 0 -1
ciMethod java/nio/charset/CharsetEncoder malformedInputAction ()Ljava/nio/charset/CodingErrorAction; 0 0 1 0 -1
ciMethod java/nio/charset/CharsetEncoder onMalformedInput (Ljava/nio/charset/CodingErrorAction;)Ljava/nio/charset/CharsetEncoder; 249 1 1451 0 0
ciMethod java/nio/charset/CharsetEncoder implOnMalformedInput (Ljava/nio/charset/CodingErrorAction;)V 249 1 1451 0 0
ciMethod java/nio/charset/CharsetEncoder onUnmappableCharacter (Ljava/nio/charset/CodingErrorAction;)Ljava/nio/charset/CharsetEncoder; 249 1 1451 0 0
ciMethod java/nio/charset/CharsetEncoder implOnUnmappableCharacter (Ljava/nio/charset/CodingErrorAction;)V 249 1 1451 0 0
ciMethod java/nio/charset/CharsetEncoder maxBytesPerChar ()F 2073 1 6159 0 0
ciMethod java/nio/charset/CharsetEncoder encode (Ljava/nio/CharBuffer;Ljava/nio/ByteBuffer;Z)Ljava/nio/charset/CoderResult; 1 1 1316 0 -1
ciMethod java/nio/charset/CharsetEncoder flush (Ljava/nio/ByteBuffer;)Ljava/nio/charset/CoderResult; 1 1 1266 0 -1
ciMethod java/nio/charset/CharsetEncoder reset ()Ljava/nio/charset/CharsetEncoder; 2041 1 7201 0 32
ciMethod java/nio/charset/CharsetEncoder implReset ()V 2041 1 7201 0 0
ciMethod java/nio/ByteBuffer wrap ([B)Ljava/nio/ByteBuffer; 0 0 64 0 -1
ciMethodData java/lang/Object <init> ()V 2 124286 orig 264 8 193 50 98 0 0 0 0 128 4 115 21 0 0 0 0 32 1 0 0 0 0 0 0 0 0 0 0 0 0 0 0 0 0 0 0 0 0 0 0 0 0 0 0 0 0 0 0 0 0 0 0 0 0 0 0 0 0 0 0 0 0 0 0 0 0 0 0 0 0 0 0 0 0 0 0 0 0 0 0 77 68 79 32 101 120 116 114 97 32 100 97 116 97 32 108 111 99 107 0 0 0 0 0 0 0 0 0 0 0 0 0 0 0 0 0 0 0 0 0 0 0 0 0 0 0 0 0 0 0 0 0 0 0 0 0 0 0 0 0 0 0 0 0 0 0 0 0 0 0 0 0 0 0 0 0 0 0 0 0 0 0 0 0 0 0 0 0 0 0 0 0 0 0 0 0 0 0 0 0 0 0 0 0 1 0 0 0 0 0 0 0 1 0 0 0 0 0 0 0 1 0 0 0 0 0 0 0 0 0 0 0 0 0 0 0 0 2 0 0 241 27 15 0 1 0 0 0 0 0 0 0 0 0 0 0 2 0 0 0 0 0 3 0 1 0 0 0 0 0 0 0 255 255 255 255 0 0 0 0 0 0 0 0 data 0 oops 0
ciMethod java/lang/IllegalArgumentException <init> (Ljava/lang/String;)V 0 0 3 0 -1
ciMethod sun/security/util/Debug println (Ljava/lang/String;)V 0 0 1 0 -1
ciMethod java/util/WeakHashMap$Entry <init> (Ljava/lang/Object;Ljava/lang/Object;Ljava/lang/ref/ReferenceQueue;ILjava/util/WeakHashMap$Entry;)V 3081 1 2510 0 0
ciMethod java/util/HashMap$TreeNode root ()Ljava/util/HashMap$TreeNode; 0 0 1 0 -1
ciMethod java/util/HashMap$TreeNode find (ILjava/lang/Object;Ljava/lang/Class;)Ljava/util/HashMap$TreeNode; 41 105 5 0 -1
ciMethod java/util/HashMap$TreeNode getTreeNode (ILjava/lang/Object;)Ljava/util/HashMap$TreeNode; 41 1 5 0 0
ciMethodData java/lang/String charAt (I)C 2 296943 orig 264 8 193 50 98 0 0 0 0 104 61 115 21 0 0 0 0 120 1 0 0 32 0 0 0 0 0 0 0 0 0 0 0 0 0 0 0 0 0 0 0 0 0 0 0 0 0 0 0 0 0 0 0 0 0 0 0 0 0 0 0 0 0 0 0 0 0 0 0 0 0 0 0 0 0 0 0 0 0 0 0 77 68 79 32 101 120 116 114 97 32 100 97 116 97 32 108 111 99 107 0 0 0 0 0 0 0 0 0 0 0 0 0 0 0 0 0 0 0 0 0 0 0 0 0 0 0 0 0 0 0 0 0 0 0 0 0 0 0 0 0 0 0 0 0 0 0 0 0 0 0 0 0 0 0 0 0 0 0 0 0 0 0 0 0 0 0 0 0 0 0 0 0 0 0 0 0 0 0 0 0 0 0 0 0 25 0 0 0 0 0 0 0 0 0 0 0 0 0 0 0 1 0 0 0 0 0 0 0 0 0 0 0 0 0 0 0 0 2 0 0 121 47 36 0 1 0 0 0 0 0 0 0 0 0 0 0 2 0 0 0 0 0 0 0 0 0 0 0 80 0 0 0 255 255 255 255 7 0 1 0 0 0 0 0 data 10 0x10007 0x0 0x40 0x485ef 0xa0007 0x485ef 0x30 0x0 0x120002 0x0 oops 0
ciMethod java/nio/CharBuffer wrap ([C)Ljava/nio/CharBuffer; 0 0 1 0 -1
ciMethod java/nio/charset/CoderResult isUnderflow ()Z 1393 1 8770 0 -1
ciMethod java/util/Locale getLanguage ()Ljava/lang/String; 265 1 802 0 -1
ciMethod java/lang/CharacterData toLowerCase (I)I 0 0 1 0 -1
ciMethod java/lang/CharacterData toUpperCase (I)I 0 0 1 0 -1
ciMethod java/lang/CharacterData of (I)Ljava/lang/CharacterData; 4097 1 5673 0 96
ciMethod java/lang/CharacterDataLatin1 getProperties (I)I 4097 1 21443 0 0
ciMethod java/lang/CharacterDataLatin1 toLowerCase (I)I 4097 1 5962 0 160
ciMethod java/lang/CharacterDataLatin1 toUpperCase (I)I 2921 1 5486 0 160
ciMethodData java/lang/Character toLowerCase (I)I 2 31159 orig 264 8 193 50 98 0 0 0 0 16 161 124 21 0 0 0 0 136 1 0 0 0 0 0 0 0 0 0 0 0 0 0 0 0 0 0 0 0 0 0 0 0 0 0 0 0 0 0 0 0 0 0 0 0 0 0 0 0 0 0 0 0 0 0 0 0 0 0 0 0 0 0 0 0 0 0 0 0 0 0 0 77 68 79 32 101 120 116 114 97 32 100 97 116 97 32 108 111 99 107 0 0 0 0 0 0 0 0 0 0 0 0 0 0 0 0 0 0 0 0 0 0 0 0 0 0 0 0 0 0 0 0 0 0 0 0 0 0 0 0 0 0 0 0 0 0 0 0 0 0 0 0 0 0 0 0 0 0 0 0 0 0 0 0 0 0 0 0 0 0 0 0 0 0 0 0 0 0 0 0 0 0 0 0 0 0 0 0 0 0 0 0 0 0 0 0 0 0 0 0 0 0 0 0 0 0 0 0 0 0 0 0 0 0 0 0 0 0 2 0 0 185 189 3 0 1 0 0 0 0 0 0 0 0 0 0 0 2 0 0 0 0 0 3 0 2 0 0 0 64 0 0 0 255 255 255 255 2 0 1 0 0 0 0 0 data 8 0x10002 0x77b7 0x50005 0x0 0x199dc740 0x77b7 0x0 0x0 oops 1